<?xml version="1.0" encoding="utf-8"?>
<CoverageSession xmlns:xsd="http://www.w3.org/2001/XMLSchema" xmlns:xsi="http://www.w3.org/2001/XMLSchema-instance" Version="0.0.0.0">
  <Summary numSequencePoints="110" visitedSequencePoints="91" numBranchPoints="0" visitedBranchPoints="0" sequenceCoverage="82.73" branchCoverage="0.0" maxCyclomaticComplexity="0" minCyclomaticComplexity="0" maxCrapScore="0" minCrapScore="0" visitedClasses="8" numClasses="8" visitedMethods="17" numMethods="17" />
  <Modules>
    <Module>
      <Summary numSequencePoints="110" visitedSequencePoints="91" numBranchPoints="0" visitedBranchPoints="0" sequenceCoverage="82.73" branchCoverage="0.0" maxCyclomaticComplexity="0" minCyclomaticComplexity="0" maxCrapScore="0" minCrapScore="0" visitedClasses="8" numClasses="8" visitedMethods="17" numMethods="17" />
      <ModuleTime>0001-01-01T00:00:00</ModuleTime>
      <ModuleName>Scripts</ModuleName>
      <Files>
        <File uid="1" fullPath="E:/unity/mosze-2024-szen-dioxiddal-dusitott/Assets/Scripts/BackgroundScroll.cs" />
        <File uid="2" fullPath="E:/unity/mosze-2024-szen-dioxiddal-dusitott/Assets/Scripts/BossHealthBar.cs" />
        <File uid="3" fullPath="E:/unity/mosze-2024-szen-dioxiddal-dusitott/Assets/Scripts/ChangeScene.cs" />
        <File uid="4" fullPath="E:/unity/mosze-2024-szen-dioxiddal-dusitott/Assets/Scripts/EnemyPatrol.cs" />
        <File uid="5" fullPath="E:/unity/mosze-2024-szen-dioxiddal-dusitott/Assets/Scripts/GameManager.cs" />
        <File uid="6" fullPath="E:/unity/mosze-2024-szen-dioxiddal-dusitott/Assets/Scripts/Gun.cs" />
        <File uid="7" fullPath="E:/unity/mosze-2024-szen-dioxiddal-dusitott/Assets/Scripts/Invader.cs" />
        <File uid="8" fullPath="E:/unity/mosze-2024-szen-dioxiddal-dusitott/Assets/Scripts/LevelProgress.cs" />
        <File uid="9" fullPath="E:/unity/mosze-2024-szen-dioxiddal-dusitott/Assets/Scripts/MainBoss.cs" />
        <File uid="10" fullPath="E:/unity/mosze-2024-szen-dioxiddal-dusitott/Assets/Scripts/MenuLoadOn.cs" />
        <File uid="11" fullPath="E:/unity/mosze-2024-szen-dioxiddal-dusitott/Assets/Scripts/PauseMenu.cs" />
        <File uid="12" fullPath="E:/unity/mosze-2024-szen-dioxiddal-dusitott/Assets/Scripts/Player.cs" />
        <File uid="13" fullPath="E:/unity/mosze-2024-szen-dioxiddal-dusitott/Assets/Scripts/Projectile.cs" />
        <File uid="14" fullPath="E:/unity/mosze-2024-szen-dioxiddal-dusitott/Assets/Scripts/Repair.cs" />
        <File uid="15" fullPath="E:/unity/mosze-2024-szen-dioxiddal-dusitott/Assets/Scripts/SettingsMenu.cs" />
        <File uid="16" fullPath="E:/unity/mosze-2024-szen-dioxiddal-dusitott/Assets/Scripts/SpawnPoint.cs" />
        <File uid="17" fullPath="E:/unity/mosze-2024-szen-dioxiddal-dusitott/Assets/Scripts/Upgrade.cs" />
      </Files>
      <Classes>
        <Class>
          <Summary numSequencePoints="2" visitedSequencePoints="2" numBranchPoints="0" visitedBranchPoints="0" sequenceCoverage="100.0" branchCoverage="0.0" maxCyclomaticComplexity="0" minCyclomaticComplexity="0" maxCrapScore="0" minCrapScore="0" visitedClasses="1" numClasses="1" visitedMethods="1" numMethods="1" />
          <FullName>BackgroundScroll</FullName>
          <Methods>
            <Method visited="true" cyclomaticComplexity="0" nPathComplexity="0" sequenceCoverage="100.0" branchCoverage="0" crapScore="0" isConstructor="true" isStatic="false" isGetter="false" isSetter="false">
              <Summary numSequencePoints="2" visitedSequencePoints="2" numBranchPoints="0" visitedBranchPoints="0" sequenceCoverage="100.0" branchCoverage="0" maxCyclomaticComplexity="0" minCyclomaticComplexity="0" maxCrapScore="0" minCrapScore="0" visitedClasses="0" numClasses="0" visitedMethods="1" numMethods="1" />
              <MetadataToken>100663301</MetadataToken>
              <Name>BackgroundScroll::BackgroundScroll()</Name>
              <FileRef uid="1" />
              <SequencePoints>
                <SequencePoint vc="1" uspid="7387" ordinal="0" offset="0" sl="9" sc="5" el="9" ec="5" bec="0" bev="0" fileid="1" />
                <SequencePoint vc="1" uspid="7388" ordinal="0" offset="11" sl="21" sc="45" el="21" ec="45" bec="0" bev="0" fileid="1" />
              </SequencePoints>
              <BranchPoints />
            </Method>
          </Methods>
        </Class>
        <Class>
          <Summary numSequencePoints="58" visitedSequencePoints="39" numBranchPoints="0" visitedBranchPoints="0" sequenceCoverage="67.24" branchCoverage="0.0" maxCyclomaticComplexity="0" minCyclomaticComplexity="0" maxCrapScore="0" minCrapScore="0" visitedClasses="1" numClasses="1" visitedMethods="6" numMethods="6" />
          <FullName>GameManager</FullName>
          <Methods>
            <Method visited="true" cyclomaticComplexity="0" nPathComplexity="0" sequenceCoverage="100.0" branchCoverage="0" crapScore="0" isConstructor="false" isStatic="true" isGetter="true" isSetter="false">
              <Summary numSequencePoints="1" visitedSequencePoints="1" numBranchPoints="0" visitedBranchPoints="0" sequenceCoverage="100.0" branchCoverage="0" maxCyclomaticComplexity="0" minCyclomaticComplexity="0" maxCrapScore="0" minCrapScore="0" visitedClasses="0" numClasses="0" visitedMethods="1" numMethods="1" />
              <MetadataToken>100663312</MetadataToken>
              <Name>static GameManager GameManager::get_Instance()</Name>
              <FileRef uid="5" />
              <SequencePoints>
                <SequencePoint vc="4" uspid="7455" ordinal="0" offset="0" sl="14" sc="42" el="14" ec="42" bec="0" bev="0" fileid="5" />
              </SequencePoints>
              <BranchPoints />
            </Method>
            <Method visited="true" cyclomaticComplexity="0" nPathComplexity="0" sequenceCoverage="100.0" branchCoverage="0" crapScore="0" isConstructor="false" isStatic="true" isGetter="false" isSetter="true">
              <Summary numSequencePoints="1" visitedSequencePoints="1" numBranchPoints="0" visitedBranchPoints="0" sequenceCoverage="100.0" branchCoverage="0" maxCyclomaticComplexity="0" minCyclomaticComplexity="0" maxCrapScore="0" minCrapScore="0" visitedClasses="0" numClasses="0" visitedMethods="1" numMethods="1" />
              <MetadataToken>100663313</MetadataToken>
              <Name>static System.Void GameManager::set_Instance(GameManager)</Name>
              <FileRef uid="5" />
              <SequencePoints>
                <SequencePoint vc="1" uspid="7456" ordinal="0" offset="0" sl="14" sc="47" el="14" ec="47" bec="0" bev="0" fileid="5" />
              </SequencePoints>
              <BranchPoints />
            </Method>
            <Method visited="true" cyclomaticComplexity="0" nPathComplexity="0" sequenceCoverage="100.0" branchCoverage="0" crapScore="0" isConstructor="false" isStatic="false" isGetter="false" isSetter="false">
              <Summary numSequencePoints="9" visitedSequencePoints="9" numBranchPoints="0" visitedBranchPoints="0" sequenceCoverage="100.0" branchCoverage="0" maxCyclomaticComplexity="0" minCyclomaticComplexity="0" maxCrapScore="0" minCrapScore="0" visitedClasses="0" numClasses="0" visitedMethods="1" numMethods="1" />
              <MetadataToken>100663316</MetadataToken>
              <Name>System.Void GameManager::Awake()</Name>
              <FileRef uid="5" />
              <SequencePoints>
                <SequencePoint vc="2" uspid="7459" ordinal="0" offset="0" sl="83" sc="5" el="83" ec="5" bec="0" bev="0" fileid="5" />
                <SequencePoint vc="2" uspid="7460" ordinal="0" offset="1" sl="84" sc="9" el="84" ec="9" bec="0" bev="0" fileid="5" />
                <SequencePoint vc="1" uspid="7461" ordinal="0" offset="16" sl="85" sc="9" el="85" ec="9" bec="0" bev="0" fileid="5" />
                <SequencePoint vc="1" uspid="7462" ordinal="0" offset="17" sl="86" sc="13" el="86" ec="13" bec="0" bev="0" fileid="5" />
                <SequencePoint vc="1" uspid="7463" ordinal="0" offset="29" sl="87" sc="9" el="87" ec="9" bec="0" bev="0" fileid="5" />
                <SequencePoint vc="1" uspid="7464" ordinal="0" offset="32" sl="89" sc="9" el="89" ec="9" bec="0" bev="0" fileid="5" />
                <SequencePoint vc="1" uspid="7465" ordinal="0" offset="33" sl="90" sc="13" el="90" ec="13" bec="0" bev="0" fileid="5" />
                <SequencePoint vc="1" uspid="7466" ordinal="0" offset="40" sl="91" sc="9" el="91" ec="9" bec="0" bev="0" fileid="5" />
                <SequencePoint vc="2" uspid="7467" ordinal="0" offset="41" sl="92" sc="5" el="92" ec="5" bec="0" bev="0" fileid="5" />
              </SequencePoints>
              <BranchPoints />
            </Method>
            <Method visited="true" cyclomaticComplexity="0" nPathComplexity="0" sequenceCoverage="87.50" branchCoverage="0" crapScore="0" isConstructor="false" isStatic="false" isGetter="false" isSetter="false">
              <Summary numSequencePoints="8" visitedSequencePoints="7" numBranchPoints="0" visitedBranchPoints="0" sequenceCoverage="87.50" branchCoverage="0" maxCyclomaticComplexity="0" minCyclomaticComplexity="0" maxCrapScore="0" minCrapScore="0" visitedClasses="0" numClasses="0" visitedMethods="1" numMethods="1" />
              <MetadataToken>100663330</MetadataToken>
              <Name>System.Void GameManager::HealPlayer()</Name>
              <FileRef uid="5" />
              <SequencePoints>
                <SequencePoint vc="1" uspid="7602" ordinal="0" offset="0" sl="294" sc="5" el="294" ec="5" bec="0" bev="0" fileid="5" />
                <SequencePoint vc="1" uspid="7603" ordinal="0" offset="1" sl="296" sc="9" el="296" ec="9" bec="0" bev="0" fileid="5" />
                <SequencePoint vc="1" uspid="7604" ordinal="0" offset="24" sl="297" sc="9" el="297" ec="9" bec="0" bev="0" fileid="5" />
                <SequencePoint vc="1" uspid="7605" ordinal="0" offset="25" sl="298" sc="13" el="298" ec="13" bec="0" bev="0" fileid="5" />
                <SequencePoint vc="1" uspid="7606" ordinal="0" offset="44" sl="299" sc="13" el="299" ec="13" bec="0" bev="0" fileid="5" />
                <SequencePoint vc="0" uspid="7607" ordinal="0" offset="60" sl="299" sc="35" el="299" ec="35" bec="0" bev="0" fileid="5" />
                <SequencePoint vc="1" uspid="7608" ordinal="0" offset="88" sl="300" sc="9" el="300" ec="9" bec="0" bev="0" fileid="5" />
                <SequencePoint vc="1" uspid="7609" ordinal="0" offset="89" sl="301" sc="5" el="301" ec="5" bec="0" bev="0" fileid="5" />
              </SequencePoints>
              <BranchPoints />
            </Method>
            <Method visited="true" cyclomaticComplexity="0" nPathComplexity="0" sequenceCoverage="47.06" branchCoverage="0" crapScore="0" isConstructor="false" isStatic="false" isGetter="false" isSetter="false">
              <Summary numSequencePoints="34" visitedSequencePoints="16" numBranchPoints="0" visitedBranchPoints="0" sequenceCoverage="47.06" branchCoverage="0" maxCyclomaticComplexity="0" minCyclomaticComplexity="0" maxCrapScore="0" minCrapScore="0" visitedClasses="0" numClasses="0" visitedMethods="1" numMethods="1" />
              <MetadataToken>100663331</MetadataToken>
              <Name>System.Void GameManager::UpgradeWeapons()</Name>
              <FileRef uid="5" />
              <SequencePoints>
                <SequencePoint vc="4" uspid="7610" ordinal="0" offset="0" sl="306" sc="5" el="306" ec="5" bec="0" bev="0" fileid="5" />
                <SequencePoint vc="4" uspid="7611" ordinal="0" offset="1" sl="307" sc="9" el="307" ec="9" bec="0" bev="0" fileid="5" />
                <SequencePoint vc="4" uspid="7612" ordinal="0" offset="13" sl="309" sc="9" el="309" ec="9" bec="0" bev="0" fileid="5" />
                <SequencePoint vc="3" uspid="7613" ordinal="0" offset="41" sl="310" sc="9" el="310" ec="9" bec="0" bev="0" fileid="5" />
                <SequencePoint vc="3" uspid="7614" ordinal="0" offset="42" sl="312" sc="13" el="312" ec="13" bec="0" bev="0" fileid="5" />
                <SequencePoint vc="3" uspid="7615" ordinal="0" offset="65" sl="313" sc="13" el="313" ec="13" bec="0" bev="0" fileid="5" />
                <SequencePoint vc="3" uspid="7616" ordinal="0" offset="69" sl="315" sc="13" el="315" ec="13" bec="0" bev="0" fileid="5" />
                <SequencePoint vc="3" uspid="7617" ordinal="0" offset="70" sl="315" sc="33" el="315" ec="33" bec="0" bev="0" fileid="5" />
                <SequencePoint vc="0" uspid="7618" ordinal="0" offset="89" sl="315" sc="22" el="315" ec="22" bec="0" bev="0" fileid="5" />
                <SequencePoint vc="0" uspid="7619" ordinal="0" offset="97" sl="316" sc="13" el="316" ec="13" bec="0" bev="0" fileid="5" />
                <SequencePoint vc="0" uspid="7620" ordinal="0" offset="98" sl="317" sc="17" el="317" ec="17" bec="0" bev="0" fileid="5" />
                <SequencePoint vc="0" uspid="7621" ordinal="0" offset="111" sl="320" sc="13" el="320" ec="13" bec="0" bev="0" fileid="5" />
                <SequencePoint vc="3" uspid="7622" ordinal="0" offset="112" sl="315" sc="30" el="315" ec="30" bec="0" bev="0" fileid="5" />
                <SequencePoint vc="3" uspid="7623" ordinal="0" offset="138" sl="321" sc="13" el="321" ec="13" bec="0" bev="0" fileid="5" />
                <SequencePoint vc="3" uspid="7624" ordinal="0" offset="155" sl="324" sc="13" el="324" ec="13" bec="0" bev="0" fileid="5" />
                <SequencePoint vc="3" uspid="7625" ordinal="0" offset="167" sl="325" sc="13" el="325" ec="13" bec="0" bev="0" fileid="5" />
                <SequencePoint vc="3" uspid="7626" ordinal="0" offset="168" sl="325" sc="33" el="325" ec="33" bec="0" bev="0" fileid="5" />
                <SequencePoint vc="0" uspid="7627" ordinal="0" offset="202" sl="325" sc="22" el="325" ec="22" bec="0" bev="0" fileid="5" />
                <SequencePoint vc="0" uspid="7628" ordinal="0" offset="211" sl="326" sc="13" el="326" ec="13" bec="0" bev="0" fileid="5" />
                <SequencePoint vc="0" uspid="7629" ordinal="0" offset="212" sl="327" sc="17" el="327" ec="17" bec="0" bev="0" fileid="5" />
                <SequencePoint vc="0" uspid="7630" ordinal="0" offset="231" sl="328" sc="17" el="328" ec="17" bec="0" bev="0" fileid="5" />
                <SequencePoint vc="0" uspid="7631" ordinal="0" offset="245" sl="329" sc="17" el="329" ec="17" bec="0" bev="0" fileid="5" />
                <SequencePoint vc="0" uspid="7632" ordinal="0" offset="259" sl="330" sc="17" el="330" ec="17" bec="0" bev="0" fileid="5" />
                <SequencePoint vc="0" uspid="7633" ordinal="0" offset="273" sl="331" sc="17" el="331" ec="17" bec="0" bev="0" fileid="5" />
                <SequencePoint vc="0" uspid="7634" ordinal="0" offset="287" sl="332" sc="17" el="332" ec="17" bec="0" bev="0" fileid="5" />
                <SequencePoint vc="0" uspid="7635" ordinal="0" offset="301" sl="333" sc="17" el="333" ec="17" bec="0" bev="0" fileid="5" />
                <SequencePoint vc="0" uspid="7636" ordinal="0" offset="318" sl="334" sc="17" el="334" ec="17" bec="0" bev="0" fileid="5" />
                <SequencePoint vc="0" uspid="7637" ordinal="0" offset="343" sl="335" sc="17" el="335" ec="17" bec="0" bev="0" fileid="5" />
                <SequencePoint vc="0" uspid="7638" ordinal="0" offset="368" sl="336" sc="17" el="336" ec="17" bec="0" bev="0" fileid="5" />
                <SequencePoint vc="0" uspid="7639" ordinal="0" offset="398" sl="337" sc="17" el="337" ec="17" bec="0" bev="0" fileid="5" />
                <SequencePoint vc="0" uspid="7640" ordinal="0" offset="417" sl="338" sc="13" el="338" ec="13" bec="0" bev="0" fileid="5" />
                <SequencePoint vc="3" uspid="7641" ordinal="0" offset="418" sl="325" sc="30" el="325" ec="30" bec="0" bev="0" fileid="5" />
                <SequencePoint vc="3" uspid="7642" ordinal="0" offset="447" sl="339" sc="9" el="339" ec="9" bec="0" bev="0" fileid="5" />
                <SequencePoint vc="4" uspid="7643" ordinal="0" offset="448" sl="340" sc="5" el="340" ec="5" bec="0" bev="0" fileid="5" />
              </SequencePoints>
              <BranchPoints />
            </Method>
            <Method visited="true" cyclomaticComplexity="0" nPathComplexity="0" sequenceCoverage="100.0" branchCoverage="0" crapScore="0" isConstructor="true" isStatic="false" isGetter="false" isSetter="false">
              <Summary numSequencePoints="5" visitedSequencePoints="5" numBranchPoints="0" visitedBranchPoints="0" sequenceCoverage="100.0" branchCoverage="0" maxCyclomaticComplexity="0" minCyclomaticComplexity="0" maxCrapScore="0" minCrapScore="0" visitedClasses="0" numClasses="0" visitedMethods="1" numMethods="1" />
              <MetadataToken>100663336</MetadataToken>
              <Name>GameManager::GameManager()</Name>
              <FileRef uid="5" />
              <SequencePoints>
                <SequencePoint vc="5" uspid="7693" ordinal="0" offset="0" sl="46" sc="5" el="46" ec="5" bec="0" bev="0" fileid="5" />
                <SequencePoint vc="5" uspid="7694" ordinal="0" offset="11" sl="67" sc="5" el="67" ec="5" bec="0" bev="0" fileid="5" />
                <SequencePoint vc="5" uspid="7695" ordinal="0" offset="18" sl="70" sc="5" el="70" ec="5" bec="0" bev="0" fileid="5" />
                <SequencePoint vc="5" uspid="7696" ordinal="0" offset="25" sl="73" sc="46" el="73" ec="46" bec="0" bev="0" fileid="5" />
                <SequencePoint vc="5" uspid="7697" ordinal="0" offset="32" sl="76" sc="5" el="76" ec="5" bec="0" bev="0" fileid="5" />
              </SequencePoints>
              <BranchPoints />
            </Method>
          </Methods>
        </Class>
        <Class>
          <Summary numSequencePoints="3" visitedSequencePoints="3" numBranchPoints="0" visitedBranchPoints="0" sequenceCoverage="100.0" branchCoverage="0.0" maxCyclomaticComplexity="0" minCyclomaticComplexity="0" maxCrapScore="0" minCrapScore="0" visitedClasses="1" numClasses="1" visitedMethods="1" numMethods="1" />
          <FullName>Gun</FullName>
          <Methods>
            <Method visited="true" cyclomaticComplexity="0" nPathComplexity="0" sequenceCoverage="100.0" branchCoverage="0" crapScore="0" isConstructor="true" isStatic="false" isGetter="false" isSetter="false">
              <Summary numSequencePoints="3" visitedSequencePoints="3" numBranchPoints="0" visitedBranchPoints="0" sequenceCoverage="100.0" branchCoverage="0" maxCyclomaticComplexity="0" minCyclomaticComplexity="0" maxCrapScore="0" minCrapScore="0" visitedClasses="0" numClasses="0" visitedMethods="1" numMethods="1" />
              <MetadataToken>100663341</MetadataToken>
              <Name>Gun::Gun()</Name>
              <FileRef uid="6" />
              <SequencePoints>
                <SequencePoint vc="5" uspid="7730" ordinal="0" offset="0" sl="12" sc="5" el="12" ec="5" bec="0" bev="0" fileid="6" />
                <SequencePoint vc="5" uspid="7731" ordinal="0" offset="11" sl="15" sc="5" el="15" ec="5" bec="0" bev="0" fileid="6" />
                <SequencePoint vc="5" uspid="7732" ordinal="0" offset="22" sl="18" sc="5" el="18" ec="5" bec="0" bev="0" fileid="6" />
              </SequencePoints>
              <BranchPoints />
            </Method>
          </Methods>
        </Class>
        <Class>
          <Summary numSequencePoints="13" visitedSequencePoints="13" numBranchPoints="0" visitedBranchPoints="0" sequenceCoverage="100.0" branchCoverage="0.0" maxCyclomaticComplexity="0" minCyclomaticComplexity="0" maxCrapScore="0" minCrapScore="0" visitedClasses="1" numClasses="1" visitedMethods="2" numMethods="2" />
          <FullName>Invader</FullName>
          <Methods>
            <Method visited="true" cyclomaticComplexity="0" nPathComplexity="0" sequenceCoverage="100.0" branchCoverage="0" crapScore="0" isConstructor="false" isStatic="false" isGetter="false" isSetter="false">
              <Summary numSequencePoints="7" visitedSequencePoints="7" numBranchPoints="0" visitedBranchPoints="0" sequenceCoverage="100.0" branchCoverage="0" maxCyclomaticComplexity="0" minCyclomaticComplexity="0" maxCrapScore="0" minCrapScore="0" visitedClasses="0" numClasses="0" visitedMethods="1" numMethods="1" />
              <MetadataToken>100663345</MetadataToken>
              <Name>System.Void Invader::RotateTo(UnityEngine.Vector3)</Name>
              <FileRef uid="7" />
              <SequencePoints>
                <SequencePoint vc="1" uspid="7760" ordinal="0" offset="0" sl="92" sc="5" el="92" ec="5" bec="0" bev="0" fileid="7" />
                <SequencePoint vc="1" uspid="7761" ordinal="0" offset="1" sl="94" sc="9" el="94" ec="9" bec="0" bev="0" fileid="7" />
                <SequencePoint vc="1" uspid="7762" ordinal="0" offset="7" sl="95" sc="9" el="95" ec="9" bec="0" bev="0" fileid="7" />
                <SequencePoint vc="1" uspid="7763" ordinal="0" offset="30" sl="96" sc="9" el="96" ec="9" bec="0" bev="0" fileid="7" />
                <SequencePoint vc="1" uspid="7764" ordinal="0" offset="38" sl="97" sc="9" el="97" ec="9" bec="0" bev="0" fileid="7" />
                <SequencePoint vc="1" uspid="7765" ordinal="0" offset="62" sl="98" sc="9" el="98" ec="9" bec="0" bev="0" fileid="7" />
                <SequencePoint vc="1" uspid="7766" ordinal="0" offset="92" sl="99" sc="5" el="99" ec="5" bec="0" bev="0" fileid="7" />
              </SequencePoints>
              <BranchPoints />
            </Method>
            <Method visited="true" cyclomaticComplexity="0" nPathComplexity="0" sequenceCoverage="100.0" branchCoverage="0" crapScore="0" isConstructor="true" isStatic="false" isGetter="false" isSetter="false">
              <Summary numSequencePoints="6" visitedSequencePoints="6" numBranchPoints="0" visitedBranchPoints="0" sequenceCoverage="100.0" branchCoverage="0" maxCyclomaticComplexity="0" minCyclomaticComplexity="0" maxCrapScore="0" minCrapScore="0" visitedClasses="0" numClasses="0" visitedMethods="1" numMethods="1" />
              <MetadataToken>100663349</MetadataToken>
              <Name>Invader::Invader()</Name>
              <FileRef uid="7" />
              <SequencePoints>
                <SequencePoint vc="2" uspid="7795" ordinal="0" offset="0" sl="16" sc="5" el="16" ec="5" bec="0" bev="0" fileid="7" />
                <SequencePoint vc="2" uspid="7796" ordinal="0" offset="12" sl="19" sc="5" el="19" ec="5" bec="0" bev="0" fileid="7" />
                <SequencePoint vc="2" uspid="7797" ordinal="0" offset="23" sl="23" sc="5" el="23" ec="5" bec="0" bev="0" fileid="7" />
                <SequencePoint vc="2" uspid="7798" ordinal="0" offset="31" sl="26" sc="5" el="26" ec="5" bec="0" bev="0" fileid="7" />
                <SequencePoint vc="2" uspid="7799" ordinal="0" offset="38" sl="48" sc="5" el="48" ec="5" bec="0" bev="0" fileid="7" />
                <SequencePoint vc="2" uspid="7800" ordinal="0" offset="45" sl="52" sc="5" el="52" ec="5" bec="0" bev="0" fileid="7" />
              </SequencePoints>
              <BranchPoints />
            </Method>
          </Methods>
        </Class>
        <Class>
          <Summary numSequencePoints="6" visitedSequencePoints="6" numBranchPoints="0" visitedBranchPoints="0" sequenceCoverage="100.0" branchCoverage="0.0" maxCyclomaticComplexity="0" minCyclomaticComplexity="0" maxCrapScore="0" minCrapScore="0" visitedClasses="1" numClasses="1" visitedMethods="1" numMethods="1" />
          <FullName>MainBoss</FullName>
          <Methods>
            <Method visited="true" cyclomaticComplexity="0" nPathComplexity="0" sequenceCoverage="100.0" branchCoverage="0" crapScore="0" isConstructor="true" isStatic="false" isGetter="false" isSetter="false">
              <Summary numSequencePoints="6" visitedSequencePoints="6" numBranchPoints="0" visitedBranchPoints="0" sequenceCoverage="100.0" branchCoverage="0" maxCyclomaticComplexity="0" minCyclomaticComplexity="0" maxCrapScore="0" minCrapScore="0" visitedClasses="0" numClasses="0" visitedMethods="1" numMethods="1" />
              <MetadataToken>100663360</MetadataToken>
              <Name>MainBoss::MainBoss()</Name>
              <FileRef uid="9" />
              <SequencePoints>
                <SequencePoint vc="1" uspid="7837" ordinal="0" offset="0" sl="9" sc="5" el="9" ec="5" bec="0" bev="0" fileid="9" />
                <SequencePoint vc="1" uspid="7838" ordinal="0" offset="11" sl="10" sc="5" el="10" ec="5" bec="0" bev="0" fileid="9" />
                <SequencePoint vc="1" uspid="7839" ordinal="0" offset="22" sl="11" sc="5" el="11" ec="5" bec="0" bev="0" fileid="9" />
                <SequencePoint vc="1" uspid="7840" ordinal="0" offset="33" sl="12" sc="5" el="12" ec="5" bec="0" bev="0" fileid="9" />
                <SequencePoint vc="1" uspid="7841" ordinal="0" offset="40" sl="20" sc="5" el="20" ec="5" bec="0" bev="0" fileid="9" />
                <SequencePoint vc="1" uspid="7842" ordinal="0" offset="47" sl="24" sc="5" el="24" ec="5" bec="0" bev="0" fileid="9" />
              </SequencePoints>
              <BranchPoints />
            </Method>
          </Methods>
        </Class>
        <Class>
          <Summary numSequencePoints="13" visitedSequencePoints="13" numBranchPoints="0" visitedBranchPoints="0" sequenceCoverage="100.0" branchCoverage="0.0" maxCyclomaticComplexity="0" minCyclomaticComplexity="0" maxCrapScore="0" minCrapScore="0" visitedClasses="1" numClasses="1" visitedMethods="3" numMethods="3" />
          <FullName>Player</FullName>
          <Methods>
            <Method visited="true" cyclomaticComplexity="0" nPathComplexity="0" sequenceCoverage="100.0" branchCoverage="0" crapScore="0" isConstructor="false" isStatic="false" isGetter="false" isSetter="false">
              <Summary numSequencePoints="3" visitedSequencePoints="3" numBranchPoints="0" visitedBranchPoints="0" sequenceCoverage="100.0" branchCoverage="0" maxCyclomaticComplexity="0" minCyclomaticComplexity="0" maxCrapScore="0" minCrapScore="0" visitedClasses="0" numClasses="0" visitedMethods="1" numMethods="1" />
              <MetadataToken>100663371</MetadataToken>
              <Name>System.Single Player::getShieldDuration()</Name>
              <FileRef uid="12" />
              <SequencePoints>
                <SequencePoint vc="1" uspid="7953" ordinal="0" offset="0" sl="120" sc="5" el="120" ec="5" bec="0" bev="0" fileid="12" />
                <SequencePoint vc="1" uspid="7954" ordinal="0" offset="1" sl="121" sc="9" el="121" ec="9" bec="0" bev="0" fileid="12" />
                <SequencePoint vc="1" uspid="7955" ordinal="0" offset="10" sl="122" sc="5" el="122" ec="5" bec="0" bev="0" fileid="12" />
              </SequencePoints>
              <BranchPoints />
            </Method>
            <Method visited="true" cyclomaticComplexity="0" nPathComplexity="0" sequenceCoverage="100.0" branchCoverage="0" crapScore="0" isConstructor="false" isStatic="false" isGetter="false" isSetter="false">
              <Summary numSequencePoints="3" visitedSequencePoints="3" numBranchPoints="0" visitedBranchPoints="0" sequenceCoverage="100.0" branchCoverage="0" maxCyclomaticComplexity="0" minCyclomaticComplexity="0" maxCrapScore="0" minCrapScore="0" visitedClasses="0" numClasses="0" visitedMethods="1" numMethods="1" />
              <MetadataToken>100663374</MetadataToken>
              <Name>System.Void Player::beUnkillable(System.Single)</Name>
              <FileRef uid="12" />
              <SequencePoints>
                <SequencePoint vc="1" uspid="7965" ordinal="0" offset="0" sl="141" sc="5" el="141" ec="5" bec="0" bev="0" fileid="12" />
                <SequencePoint vc="1" uspid="7966" ordinal="0" offset="1" sl="142" sc="9" el="142" ec="9" bec="0" bev="0" fileid="12" />
                <SequencePoint vc="1" uspid="7967" ordinal="0" offset="8" sl="143" sc="5" el="143" ec="5" bec="0" bev="0" fileid="12" />
              </SequencePoints>
              <BranchPoints />
            </Method>
            <Method visited="true" cyclomaticComplexity="0" nPathComplexity="0" sequenceCoverage="100.0" branchCoverage="0" crapScore="0" isConstructor="true" isStatic="false" isGetter="false" isSetter="false">
              <Summary numSequencePoints="7" visitedSequencePoints="7" numBranchPoints="0" visitedBranchPoints="0" sequenceCoverage="100.0" branchCoverage="0" maxCyclomaticComplexity="0" minCyclomaticComplexity="0" maxCrapScore="0" minCrapScore="0" visitedClasses="0" numClasses="0" visitedMethods="1" numMethods="1" />
              <MetadataToken>100663378</MetadataToken>
              <Name>Player::Player()</Name>
              <FileRef uid="12" />
              <SequencePoints>
                <SequencePoint vc="7" uspid="7992" ordinal="0" offset="0" sl="14" sc="5" el="14" ec="5" bec="0" bev="0" fileid="12" />
                <SequencePoint vc="7" uspid="7993" ordinal="0" offset="11" sl="17" sc="5" el="17" ec="5" bec="0" bev="0" fileid="12" />
                <SequencePoint vc="7" uspid="7994" ordinal="0" offset="18" sl="27" sc="5" el="27" ec="5" bec="0" bev="0" fileid="12" />
                <SequencePoint vc="7" uspid="7995" ordinal="0" offset="25" sl="30" sc="5" el="30" ec="5" bec="0" bev="0" fileid="12" />
                <SequencePoint vc="7" uspid="7996" ordinal="0" offset="36" sl="34" sc="5" el="34" ec="5" bec="0" bev="0" fileid="12" />
                <SequencePoint vc="7" uspid="7997" ordinal="0" offset="47" sl="37" sc="5" el="37" ec="5" bec="0" bev="0" fileid="12" />
                <SequencePoint vc="7" uspid="7998" ordinal="0" offset="58" sl="40" sc="5" el="40" ec="5" bec="0" bev="0" fileid="12" />
              </SequencePoints>
              <BranchPoints />
            </Method>
          </Methods>
        </Class>
        <Class>
          <Summary numSequencePoints="14" visitedSequencePoints="14" numBranchPoints="0" visitedBranchPoints="0" sequenceCoverage="100.0" branchCoverage="0.0" maxCyclomaticComplexity="0" minCyclomaticComplexity="0" maxCrapScore="0" minCrapScore="0" visitedClasses="1" numClasses="1" visitedMethods="2" numMethods="2" />
          <FullName>Projectile</FullName>
          <Methods>
            <Method visited="true" cyclomaticComplexity="0" nPathComplexity="0" sequenceCoverage="100.0" branchCoverage="0" crapScore="0" isConstructor="false" isStatic="false" isGetter="false" isSetter="false">
              <Summary numSequencePoints="12" visitedSequencePoints="12" numBranchPoints="0" visitedBranchPoints="0" sequenceCoverage="100.0" branchCoverage="0" maxCyclomaticComplexity="0" minCyclomaticComplexity="0" maxCrapScore="0" minCrapScore="0" visitedClasses="0" numClasses="0" visitedMethods="1" numMethods="1" />
              <MetadataToken>100663380</MetadataToken>
              <Name>System.Void Projectile::SetDirection(UnityEngine.Transform)</Name>
              <FileRef uid="13" />
              <SequencePoints>
                <SequencePoint vc="2" uspid="8006" ordinal="0" offset="0" sl="40" sc="5" el="40" ec="5" bec="0" bev="0" fileid="13" />
                <SequencePoint vc="2" uspid="8007" ordinal="0" offset="1" sl="42" sc="9" el="42" ec="9" bec="0" bev="0" fileid="13" />
                <SequencePoint vc="1" uspid="8008" ordinal="0" offset="11" sl="43" sc="9" el="43" ec="9" bec="0" bev="0" fileid="13" />
                <SequencePoint vc="1" uspid="8009" ordinal="0" offset="12" sl="44" sc="13" el="44" ec="13" bec="0" bev="0" fileid="13" />
                <SequencePoint vc="1" uspid="8010" ordinal="0" offset="48" sl="47" sc="13" el="47" ec="13" bec="0" bev="0" fileid="13" />
                <SequencePoint vc="1" uspid="8011" ordinal="0" offset="54" sl="48" sc="13" el="48" ec="13" bec="0" bev="0" fileid="13" />
                <SequencePoint vc="1" uspid="8012" ordinal="0" offset="88" sl="49" sc="13" el="49" ec="13" bec="0" bev="0" fileid="13" />
                <SequencePoint vc="1" uspid="8013" ordinal="0" offset="118" sl="50" sc="9" el="50" ec="9" bec="0" bev="0" fileid="13" />
                <SequencePoint vc="1" uspid="8014" ordinal="0" offset="121" sl="53" sc="9" el="53" ec="9" bec="0" bev="0" fileid="13" />
                <SequencePoint vc="1" uspid="8015" ordinal="0" offset="122" sl="54" sc="13" el="54" ec="13" bec="0" bev="0" fileid="13" />
                <SequencePoint vc="1" uspid="8016" ordinal="0" offset="139" sl="55" sc="9" el="55" ec="9" bec="0" bev="0" fileid="13" />
                <SequencePoint vc="2" uspid="8017" ordinal="0" offset="140" sl="56" sc="5" el="56" ec="5" bec="0" bev="0" fileid="13" />
              </SequencePoints>
              <BranchPoints />
            </Method>
            <Method visited="true" cyclomaticComplexity="0" nPathComplexity="0" sequenceCoverage="100.0" branchCoverage="0" crapScore="0" isConstructor="true" isStatic="false" isGetter="false" isSetter="false">
              <Summary numSequencePoints="2" visitedSequencePoints="2" numBranchPoints="0" visitedBranchPoints="0" sequenceCoverage="100.0" branchCoverage="0" maxCyclomaticComplexity="0" minCyclomaticComplexity="0" maxCrapScore="0" minCrapScore="0" visitedClasses="0" numClasses="0" visitedMethods="1" numMethods="1" />
              <MetadataToken>100663385</MetadataToken>
              <Name>Projectile::Projectile()</Name>
              <FileRef uid="13" />
              <SequencePoints>
                <SequencePoint vc="2" uspid="8033" ordinal="0" offset="0" sl="12" sc="5" el="12" ec="5" bec="0" bev="0" fileid="13" />
                <SequencePoint vc="2" uspid="8034" ordinal="0" offset="11" sl="15" sc="5" el="15" ec="5" bec="0" bev="0" fileid="13" />
              </SequencePoints>
              <BranchPoints />
            </Method>
          </Methods>
        </Class>
        <Class>
          <Summary numSequencePoints="1" visitedSequencePoints="1" numBranchPoints="0" visitedBranchPoints="0" sequenceCoverage="100.0" branchCoverage="0.0" maxCyclomaticComplexity="0" minCyclomaticComplexity="0" maxCrapScore="0" minCrapScore="0" visitedClasses="1" numClasses="1" visitedMethods="1" numMethods="1" />
          <FullName>SpawnPoint</FullName>
          <Methods>
            <Method visited="true" cyclomaticComplexity="0" nPathComplexity="0" sequenceCoverage="100.0" branchCoverage="0" crapScore="0" isConstructor="true" isStatic="false" isGetter="false" isSetter="false">
              <Summary numSequencePoints="1" visitedSequencePoints="1" numBranchPoints="0" visitedBranchPoints="0" sequenceCoverage="100.0" branchCoverage="0" maxCyclomaticComplexity="0" minCyclomaticComplexity="0" maxCrapScore="0" minCrapScore="0" visitedClasses="0" numClasses="0" visitedMethods="1" numMethods="1" />
              <MetadataToken>100663398</MetadataToken>
              <Name>SpawnPoint::SpawnPoint()</Name>
              <FileRef uid="16" />
              <SequencePoints>
                <SequencePoint vc="82" uspid="8113" ordinal="0" offset="0" sl="28" sc="5" el="28" ec="5" bec="0" bev="0" fileid="16" />
              </SequencePoints>
              <BranchPoints />
            </Method>
          </Methods>
        </Class>
      </Classes>
    </Module>
  </Modules>
</CoverageSession>