<?xml version="1.0" encoding="utf-8"?>
<CoverageSession xmlns:xsd="http://www.w3.org/2001/XMLSchema" xmlns:xsi="http://www.w3.org/2001/XMLSchema-instance" Version="0.0.0.0">
  <Summary numSequencePoints="816" visitedSequencePoints="0" numBranchPoints="0" visitedBranchPoints="0" sequenceCoverage="0.0" branchCoverage="0.0" maxCyclomaticComplexity="0" minCyclomaticComplexity="0" maxCrapScore="0" minCrapScore="0" visitedClasses="0" numClasses="22" visitedMethods="0" numMethods="99" />
  <Modules>
    <Module>
      <Summary numSequencePoints="816" visitedSequencePoints="0" numBranchPoints="0" visitedBranchPoints="0" sequenceCoverage="0.0" branchCoverage="0.0" maxCyclomaticComplexity="0" minCyclomaticComplexity="0" maxCrapScore="0" minCrapScore="0" visitedClasses="0" numClasses="22" visitedMethods="0" numMethods="99" />
      <ModuleTime>0001-01-01T00:00:00</ModuleTime>
      <ModuleName>Scripts</ModuleName>
      <Files>
        <File uid="1" fullPath="E:/unity/mosze-2024-szen-dioxiddal-dusitott/Assets/Scripts/BackgroundScroll.cs" />
        <File uid="2" fullPath="E:/unity/mosze-2024-szen-dioxiddal-dusitott/Assets/Scripts/BossHealthBar.cs" />
        <File uid="3" fullPath="E:/unity/mosze-2024-szen-dioxiddal-dusitott/Assets/Scripts/ChangeScene.cs" />
        <File uid="4" fullPath="E:/unity/mosze-2024-szen-dioxiddal-dusitott/Assets/Scripts/EnemyPatrol.cs" />
        <File uid="5" fullPath="E:/unity/mosze-2024-szen-dioxiddal-dusitott/Assets/Scripts/GameManager.cs" />
        <File uid="6" fullPath="E:/unity/mosze-2024-szen-dioxiddal-dusitott/Assets/Scripts/Gun.cs" />
        <File uid="7" fullPath="E:/unity/mosze-2024-szen-dioxiddal-dusitott/Assets/Scripts/Invader.cs" />
        <File uid="8" fullPath="E:/unity/mosze-2024-szen-dioxiddal-dusitott/Assets/Scripts/LevelProgress.cs" />
        <File uid="9" fullPath="E:/unity/mosze-2024-szen-dioxiddal-dusitott/Assets/Scripts/MainBoss.cs" />
        <File uid="10" fullPath="E:/unity/mosze-2024-szen-dioxiddal-dusitott/Assets/Scripts/MenuLoadOn.cs" />
        <File uid="11" fullPath="E:/unity/mosze-2024-szen-dioxiddal-dusitott/Assets/Scripts/PauseMenu.cs" />
        <File uid="12" fullPath="E:/unity/mosze-2024-szen-dioxiddal-dusitott/Assets/Scripts/Player.cs" />
        <File uid="13" fullPath="E:/unity/mosze-2024-szen-dioxiddal-dusitott/Assets/Scripts/Projectile.cs" />
        <File uid="14" fullPath="E:/unity/mosze-2024-szen-dioxiddal-dusitott/Assets/Scripts/Repair.cs" />
        <File uid="15" fullPath="E:/unity/mosze-2024-szen-dioxiddal-dusitott/Assets/Scripts/SettingsMenu.cs" />
        <File uid="16" fullPath="E:/unity/mosze-2024-szen-dioxiddal-dusitott/Assets/Scripts/SpawnPoint.cs" />
        <File uid="17" fullPath="E:/unity/mosze-2024-szen-dioxiddal-dusitott/Assets/Scripts/Upgrade.cs" />
      </Files>
      <Classes>
        <Class>
          <Summary numSequencePoints="14" visitedSequencePoints="0" numBranchPoints="0" visitedBranchPoints="0" sequenceCoverage="0.0" branchCoverage="0.0" maxCyclomaticComplexity="0" minCyclomaticComplexity="0" maxCrapScore="0" minCrapScore="0" visitedClasses="0" numClasses="1" visitedMethods="0" numMethods="5" />
          <FullName>BackgroundScroll</FullName>
          <Methods>
            <Method visited="false" cyclomaticComplexity="0" nPathComplexity="0" sequenceCoverage="0.0" branchCoverage="0" crapScore="0" isConstructor="false" isStatic="false" isGetter="true" isSetter="false">
              <Summary numSequencePoints="1" visitedSequencePoints="0" numBranchPoints="0" visitedBranchPoints="0" sequenceCoverage="0.0" branchCoverage="0" maxCyclomaticComplexity="0" minCyclomaticComplexity="0" maxCrapScore="0" minCrapScore="0" visitedClasses="0" numClasses="0" visitedMethods="0" numMethods="1" />
              <MetadataToken>100663297</MetadataToken>
              <Name>System.Boolean BackgroundScroll::get_beginScroll()</Name>
              <FileRef uid="1" />
              <SequencePoints>
                <SequencePoint vc="0" uspid="6559" ordinal="0" offset="0" sl="21" sc="0" el="21" ec="0" bec="0" bev="0" fileid="1" />
              </SequencePoints>
              <BranchPoints />
            </Method>
            <Method visited="false" cyclomaticComplexity="0" nPathComplexity="0" sequenceCoverage="0.0" branchCoverage="0" crapScore="0" isConstructor="false" isStatic="false" isGetter="false" isSetter="true">
              <Summary numSequencePoints="1" visitedSequencePoints="0" numBranchPoints="0" visitedBranchPoints="0" sequenceCoverage="0.0" branchCoverage="0" maxCyclomaticComplexity="0" minCyclomaticComplexity="0" maxCrapScore="0" minCrapScore="0" visitedClasses="0" numClasses="0" visitedMethods="0" numMethods="1" />
              <MetadataToken>100663298</MetadataToken>
              <Name>System.Void BackgroundScroll::set_beginScroll(System.Boolean)</Name>
              <FileRef uid="1" />
              <SequencePoints>
                <SequencePoint vc="0" uspid="6560" ordinal="0" offset="0" sl="21" sc="0" el="21" ec="0" bec="0" bev="0" fileid="1" />
              </SequencePoints>
              <BranchPoints />
            </Method>
            <Method visited="false" cyclomaticComplexity="0" nPathComplexity="0" sequenceCoverage="0.0" branchCoverage="0" crapScore="0" isConstructor="false" isStatic="false" isGetter="false" isSetter="false">
              <Summary numSequencePoints="5" visitedSequencePoints="0" numBranchPoints="0" visitedBranchPoints="0" sequenceCoverage="0.0" branchCoverage="0" maxCyclomaticComplexity="0" minCyclomaticComplexity="0" maxCrapScore="0" minCrapScore="0" visitedClasses="0" numClasses="0" visitedMethods="0" numMethods="1" />
              <MetadataToken>100663299</MetadataToken>
              <Name>System.Void BackgroundScroll::Start()</Name>
              <FileRef uid="1" />
              <SequencePoints>
                <SequencePoint vc="0" uspid="6561" ordinal="0" offset="0" sl="25" sc="0" el="25" ec="0" bec="0" bev="0" fileid="1" />
                <SequencePoint vc="0" uspid="6562" ordinal="0" offset="1" sl="26" sc="0" el="26" ec="0" bec="0" bev="0" fileid="1" />
                <SequencePoint vc="0" uspid="6563" ordinal="0" offset="18" sl="27" sc="0" el="27" ec="0" bec="0" bev="0" fileid="1" />
                <SequencePoint vc="0" uspid="6564" ordinal="0" offset="40" sl="28" sc="0" el="28" ec="0" bec="0" bev="0" fileid="1" />
                <SequencePoint vc="0" uspid="6565" ordinal="0" offset="62" sl="29" sc="0" el="29" ec="0" bec="0" bev="0" fileid="1" />
              </SequencePoints>
              <BranchPoints />
            </Method>
            <Method visited="false" cyclomaticComplexity="0" nPathComplexity="0" sequenceCoverage="0.0" branchCoverage="0" crapScore="0" isConstructor="false" isStatic="false" isGetter="false" isSetter="false">
              <Summary numSequencePoints="5" visitedSequencePoints="0" numBranchPoints="0" visitedBranchPoints="0" sequenceCoverage="0.0" branchCoverage="0" maxCyclomaticComplexity="0" minCyclomaticComplexity="0" maxCrapScore="0" minCrapScore="0" visitedClasses="0" numClasses="0" visitedMethods="0" numMethods="1" />
              <MetadataToken>100663300</MetadataToken>
              <Name>System.Void BackgroundScroll::Update()</Name>
              <FileRef uid="1" />
              <SequencePoints>
                <SequencePoint vc="0" uspid="6566" ordinal="0" offset="0" sl="34" sc="0" el="34" ec="0" bec="0" bev="0" fileid="1" />
                <SequencePoint vc="0" uspid="6567" ordinal="0" offset="1" sl="35" sc="0" el="35" ec="0" bec="0" bev="0" fileid="1" />
                <SequencePoint vc="0" uspid="6568" ordinal="0" offset="14" sl="35" sc="0" el="35" ec="0" bec="0" bev="0" fileid="1" />
                <SequencePoint vc="0" uspid="6569" ordinal="0" offset="16" sl="38" sc="0" el="38" ec="0" bec="0" bev="0" fileid="1" />
                <SequencePoint vc="0" uspid="6570" ordinal="0" offset="54" sl="39" sc="0" el="39" ec="0" bec="0" bev="0" fileid="1" />
              </SequencePoints>
              <BranchPoints />
            </Method>
            <Method visited="false" cyclomaticComplexity="0" nPathComplexity="0" sequenceCoverage="0.0" branchCoverage="0" crapScore="0" isConstructor="true" isStatic="false" isGetter="false" isSetter="false">
              <Summary numSequencePoints="2" visitedSequencePoints="0" numBranchPoints="0" visitedBranchPoints="0" sequenceCoverage="0.0" branchCoverage="0" maxCyclomaticComplexity="0" minCyclomaticComplexity="0" maxCrapScore="0" minCrapScore="0" visitedClasses="0" numClasses="0" visitedMethods="0" numMethods="1" />
              <MetadataToken>100663301</MetadataToken>
              <Name>BackgroundScroll::BackgroundScroll()</Name>
              <FileRef uid="1" />
              <SequencePoints>
                <SequencePoint vc="0" uspid="6571" ordinal="0" offset="0" sl="9" sc="5" el="9" ec="5" bec="0" bev="0" fileid="1" />
                <SequencePoint vc="0" uspid="6572" ordinal="0" offset="11" sl="21" sc="45" el="21" ec="45" bec="0" bev="0" fileid="1" />
              </SequencePoints>
              <BranchPoints />
            </Method>
          </Methods>
        </Class>
        <Class>
          <Summary numSequencePoints="7" visitedSequencePoints="0" numBranchPoints="0" visitedBranchPoints="0" sequenceCoverage="0.0" branchCoverage="0.0" maxCyclomaticComplexity="0" minCyclomaticComplexity="0" maxCrapScore="0" minCrapScore="0" visitedClasses="0" numClasses="1" visitedMethods="0" numMethods="2" />
          <FullName>BossHealthBar</FullName>
          <Methods>
            <Method visited="false" cyclomaticComplexity="0" nPathComplexity="0" sequenceCoverage="0.0" branchCoverage="0" crapScore="0" isConstructor="false" isStatic="false" isGetter="false" isSetter="false">
              <Summary numSequencePoints="4" visitedSequencePoints="0" numBranchPoints="0" visitedBranchPoints="0" sequenceCoverage="0.0" branchCoverage="0" maxCyclomaticComplexity="0" minCyclomaticComplexity="0" maxCrapScore="0" minCrapScore="0" visitedClasses="0" numClasses="0" visitedMethods="0" numMethods="1" />
              <MetadataToken>100663302</MetadataToken>
              <Name>System.Void BossHealthBar::SetMaxHealth(System.Int32)</Name>
              <FileRef uid="2" />
              <SequencePoints>
                <SequencePoint vc="0" uspid="6573" ordinal="0" offset="0" sl="11" sc="0" el="11" ec="0" bec="0" bev="0" fileid="2" />
                <SequencePoint vc="0" uspid="6574" ordinal="0" offset="1" sl="12" sc="0" el="12" ec="0" bec="0" bev="0" fileid="2" />
                <SequencePoint vc="0" uspid="6575" ordinal="0" offset="15" sl="13" sc="0" el="13" ec="0" bec="0" bev="0" fileid="2" />
                <SequencePoint vc="0" uspid="6576" ordinal="0" offset="29" sl="14" sc="0" el="14" ec="0" bec="0" bev="0" fileid="2" />
              </SequencePoints>
              <BranchPoints />
            </Method>
            <Method visited="false" cyclomaticComplexity="0" nPathComplexity="0" sequenceCoverage="0.0" branchCoverage="0" crapScore="0" isConstructor="false" isStatic="false" isGetter="false" isSetter="false">
              <Summary numSequencePoints="3" visitedSequencePoints="0" numBranchPoints="0" visitedBranchPoints="0" sequenceCoverage="0.0" branchCoverage="0" maxCyclomaticComplexity="0" minCyclomaticComplexity="0" maxCrapScore="0" minCrapScore="0" visitedClasses="0" numClasses="0" visitedMethods="0" numMethods="1" />
              <MetadataToken>100663303</MetadataToken>
              <Name>System.Void BossHealthBar::SetHealth(System.Int32)</Name>
              <FileRef uid="2" />
              <SequencePoints>
                <SequencePoint vc="0" uspid="6577" ordinal="0" offset="0" sl="17" sc="0" el="17" ec="0" bec="0" bev="0" fileid="2" />
                <SequencePoint vc="0" uspid="6578" ordinal="0" offset="1" sl="18" sc="0" el="18" ec="0" bec="0" bev="0" fileid="2" />
                <SequencePoint vc="0" uspid="6579" ordinal="0" offset="15" sl="19" sc="0" el="19" ec="0" bec="0" bev="0" fileid="2" />
              </SequencePoints>
              <BranchPoints />
            </Method>
          </Methods>
        </Class>
        <Class>
          <Summary numSequencePoints="14" visitedSequencePoints="0" numBranchPoints="0" visitedBranchPoints="0" sequenceCoverage="0.0" branchCoverage="0.0" maxCyclomaticComplexity="0" minCyclomaticComplexity="0" maxCrapScore="0" minCrapScore="0" visitedClasses="0" numClasses="1" visitedMethods="0" numMethods="3" />
          <FullName>ChangeScene</FullName>
          <Methods>
            <Method visited="false" cyclomaticComplexity="0" nPathComplexity="0" sequenceCoverage="0.0" branchCoverage="0" crapScore="0" isConstructor="false" isStatic="false" isGetter="false" isSetter="false">
              <Summary numSequencePoints="8" visitedSequencePoints="0" numBranchPoints="0" visitedBranchPoints="0" sequenceCoverage="0.0" branchCoverage="0" maxCyclomaticComplexity="0" minCyclomaticComplexity="0" maxCrapScore="0" minCrapScore="0" visitedClasses="0" numClasses="0" visitedMethods="0" numMethods="1" />
              <MetadataToken>100663305</MetadataToken>
              <Name>System.Void ChangeScene::ContinueGame()</Name>
              <FileRef uid="3" />
              <SequencePoints>
                <SequencePoint vc="0" uspid="6580" ordinal="0" offset="0" sl="10" sc="0" el="10" ec="0" bec="0" bev="0" fileid="3" />
                <SequencePoint vc="0" uspid="6581" ordinal="0" offset="1" sl="12" sc="0" el="12" ec="0" bec="0" bev="0" fileid="3" />
                <SequencePoint vc="0" uspid="6582" ordinal="0" offset="15" sl="13" sc="0" el="13" ec="0" bec="0" bev="0" fileid="3" />
                <SequencePoint vc="0" uspid="6583" ordinal="0" offset="16" sl="14" sc="0" el="14" ec="0" bec="0" bev="0" fileid="3" />
                <SequencePoint vc="0" uspid="6584" ordinal="0" offset="27" sl="15" sc="0" el="15" ec="0" bec="0" bev="0" fileid="3" />
                <SequencePoint vc="0" uspid="6585" ordinal="0" offset="35" sl="15" sc="0" el="15" ec="0" bec="0" bev="0" fileid="3" />
                <SequencePoint vc="0" uspid="6586" ordinal="0" offset="42" sl="16" sc="0" el="16" ec="0" bec="0" bev="0" fileid="3" />
                <SequencePoint vc="0" uspid="6587" ordinal="0" offset="43" sl="17" sc="0" el="17" ec="0" bec="0" bev="0" fileid="3" />
              </SequencePoints>
              <BranchPoints />
            </Method>
            <Method visited="false" cyclomaticComplexity="0" nPathComplexity="0" sequenceCoverage="0.0" branchCoverage="0" crapScore="0" isConstructor="false" isStatic="false" isGetter="false" isSetter="false">
              <Summary numSequencePoints="3" visitedSequencePoints="0" numBranchPoints="0" visitedBranchPoints="0" sequenceCoverage="0.0" branchCoverage="0" maxCyclomaticComplexity="0" minCyclomaticComplexity="0" maxCrapScore="0" minCrapScore="0" visitedClasses="0" numClasses="0" visitedMethods="0" numMethods="1" />
              <MetadataToken>100663306</MetadataToken>
              <Name>System.Void ChangeScene::NewGame()</Name>
              <FileRef uid="3" />
              <SequencePoints>
                <SequencePoint vc="0" uspid="6588" ordinal="0" offset="0" sl="21" sc="0" el="21" ec="0" bec="0" bev="0" fileid="3" />
                <SequencePoint vc="0" uspid="6589" ordinal="0" offset="1" sl="22" sc="0" el="22" ec="0" bec="0" bev="0" fileid="3" />
                <SequencePoint vc="0" uspid="6590" ordinal="0" offset="8" sl="23" sc="0" el="23" ec="0" bec="0" bev="0" fileid="3" />
              </SequencePoints>
              <BranchPoints />
            </Method>
            <Method visited="false" cyclomaticComplexity="0" nPathComplexity="0" sequenceCoverage="0.0" branchCoverage="0" crapScore="0" isConstructor="false" isStatic="false" isGetter="false" isSetter="false">
              <Summary numSequencePoints="3" visitedSequencePoints="0" numBranchPoints="0" visitedBranchPoints="0" sequenceCoverage="0.0" branchCoverage="0" maxCyclomaticComplexity="0" minCyclomaticComplexity="0" maxCrapScore="0" minCrapScore="0" visitedClasses="0" numClasses="0" visitedMethods="0" numMethods="1" />
              <MetadataToken>100663307</MetadataToken>
              <Name>System.Void ChangeScene::Quit()</Name>
              <FileRef uid="3" />
              <SequencePoints>
                <SequencePoint vc="0" uspid="6591" ordinal="0" offset="0" sl="27" sc="0" el="27" ec="0" bec="0" bev="0" fileid="3" />
                <SequencePoint vc="0" uspid="6592" ordinal="0" offset="1" sl="28" sc="0" el="28" ec="0" bec="0" bev="0" fileid="3" />
                <SequencePoint vc="0" uspid="6593" ordinal="0" offset="7" sl="29" sc="0" el="29" ec="0" bec="0" bev="0" fileid="3" />
              </SequencePoints>
              <BranchPoints />
            </Method>
          </Methods>
        </Class>
        <Class>
          <Summary numSequencePoints="45" visitedSequencePoints="0" numBranchPoints="0" visitedBranchPoints="0" sequenceCoverage="0.0" branchCoverage="0.0" maxCyclomaticComplexity="0" minCyclomaticComplexity="0" maxCrapScore="0" minCrapScore="0" visitedClasses="0" numClasses="1" visitedMethods="0" numMethods="3" />
          <FullName>EnemyPatrol</FullName>
          <Methods>
            <Method visited="false" cyclomaticComplexity="0" nPathComplexity="0" sequenceCoverage="0.0" branchCoverage="0" crapScore="0" isConstructor="false" isStatic="false" isGetter="false" isSetter="false">
              <Summary numSequencePoints="9" visitedSequencePoints="0" numBranchPoints="0" visitedBranchPoints="0" sequenceCoverage="0.0" branchCoverage="0" maxCyclomaticComplexity="0" minCyclomaticComplexity="0" maxCrapScore="0" minCrapScore="0" visitedClasses="0" numClasses="0" visitedMethods="0" numMethods="1" />
              <MetadataToken>100663309</MetadataToken>
              <Name>System.Void EnemyPatrol::Start()</Name>
              <FileRef uid="4" />
              <SequencePoints>
                <SequencePoint vc="0" uspid="6594" ordinal="0" offset="0" sl="33" sc="0" el="33" ec="0" bec="0" bev="0" fileid="4" />
                <SequencePoint vc="0" uspid="6595" ordinal="0" offset="1" sl="34" sc="0" el="34" ec="0" bec="0" bev="0" fileid="4" />
                <SequencePoint vc="0" uspid="6596" ordinal="0" offset="13" sl="35" sc="0" el="35" ec="0" bec="0" bev="0" fileid="4" />
                <SequencePoint vc="0" uspid="6597" ordinal="0" offset="25" sl="37" sc="0" el="37" ec="0" bec="0" bev="0" fileid="4" />
                <SequencePoint vc="0" uspid="6598" ordinal="0" offset="39" sl="38" sc="0" el="38" ec="0" bec="0" bev="0" fileid="4" />
                <SequencePoint vc="0" uspid="6599" ordinal="0" offset="40" sl="40" sc="0" el="40" ec="0" bec="0" bev="0" fileid="4" />
                <SequencePoint vc="0" uspid="6600" ordinal="0" offset="58" sl="41" sc="0" el="41" ec="0" bec="0" bev="0" fileid="4" />
                <SequencePoint vc="0" uspid="6601" ordinal="0" offset="59" sl="44" sc="0" el="44" ec="0" bec="0" bev="0" fileid="4" />
                <SequencePoint vc="0" uspid="6602" ordinal="0" offset="71" sl="45" sc="0" el="45" ec="0" bec="0" bev="0" fileid="4" />
              </SequencePoints>
              <BranchPoints />
            </Method>
            <Method visited="false" cyclomaticComplexity="0" nPathComplexity="0" sequenceCoverage="0.0" branchCoverage="0" crapScore="0" isConstructor="false" isStatic="false" isGetter="false" isSetter="false">
              <Summary numSequencePoints="34" visitedSequencePoints="0" numBranchPoints="0" visitedBranchPoints="0" sequenceCoverage="0.0" branchCoverage="0" maxCyclomaticComplexity="0" minCyclomaticComplexity="0" maxCrapScore="0" minCrapScore="0" visitedClasses="0" numClasses="0" visitedMethods="0" numMethods="1" />
              <MetadataToken>100663310</MetadataToken>
              <Name>System.Void EnemyPatrol::Update()</Name>
              <FileRef uid="4" />
              <SequencePoints>
                <SequencePoint vc="0" uspid="6603" ordinal="0" offset="0" sl="49" sc="0" el="49" ec="0" bec="0" bev="0" fileid="4" />
                <SequencePoint vc="0" uspid="6604" ordinal="0" offset="1" sl="51" sc="0" el="51" ec="0" bec="0" bev="0" fileid="4" />
                <SequencePoint vc="0" uspid="6605" ordinal="0" offset="30" sl="52" sc="0" el="52" ec="0" bec="0" bev="0" fileid="4" />
                <SequencePoint vc="0" uspid="6606" ordinal="0" offset="31" sl="53" sc="0" el="53" ec="0" bec="0" bev="0" fileid="4" />
                <SequencePoint vc="0" uspid="6607" ordinal="0" offset="36" sl="57" sc="0" el="57" ec="0" bec="0" bev="0" fileid="4" />
                <SequencePoint vc="0" uspid="6608" ordinal="0" offset="97" sl="60" sc="0" el="60" ec="0" bec="0" bev="0" fileid="4" />
                <SequencePoint vc="0" uspid="6609" ordinal="0" offset="115" sl="61" sc="0" el="61" ec="0" bec="0" bev="0" fileid="4" />
                <SequencePoint vc="0" uspid="6610" ordinal="0" offset="116" sl="62" sc="0" el="62" ec="0" bec="0" bev="0" fileid="4" />
                <SequencePoint vc="0" uspid="6611" ordinal="0" offset="134" sl="63" sc="0" el="63" ec="0" bec="0" bev="0" fileid="4" />
                <SequencePoint vc="0" uspid="6612" ordinal="0" offset="135" sl="66" sc="0" el="66" ec="0" bec="0" bev="0" fileid="4" />
                <SequencePoint vc="0" uspid="6613" ordinal="0" offset="181" sl="67" sc="0" el="67" ec="0" bec="0" bev="0" fileid="4" />
                <SequencePoint vc="0" uspid="6614" ordinal="0" offset="182" sl="69" sc="0" el="69" ec="0" bec="0" bev="0" fileid="4" />
                <SequencePoint vc="0" uspid="6615" ordinal="0" offset="194" sl="70" sc="0" el="70" ec="0" bec="0" bev="0" fileid="4" />
                <SequencePoint vc="0" uspid="6616" ordinal="0" offset="206" sl="71" sc="0" el="71" ec="0" bec="0" bev="0" fileid="4" />
                <SequencePoint vc="0" uspid="6617" ordinal="0" offset="218" sl="74" sc="0" el="74" ec="0" bec="0" bev="0" fileid="4" />
                <SequencePoint vc="0" uspid="6618" ordinal="0" offset="241" sl="75" sc="0" el="75" ec="0" bec="0" bev="0" fileid="4" />
                <SequencePoint vc="0" uspid="6619" ordinal="0" offset="242" sl="76" sc="0" el="76" ec="0" bec="0" bev="0" fileid="4" />
                <SequencePoint vc="0" uspid="6620" ordinal="0" offset="254" sl="79" sc="0" el="79" ec="0" bec="0" bev="0" fileid="4" />
                <SequencePoint vc="0" uspid="6621" ordinal="0" offset="278" sl="80" sc="0" el="80" ec="0" bec="0" bev="0" fileid="4" />
                <SequencePoint vc="0" uspid="6622" ordinal="0" offset="279" sl="81" sc="0" el="81" ec="0" bec="0" bev="0" fileid="4" />
                <SequencePoint vc="0" uspid="6623" ordinal="0" offset="293" sl="82" sc="0" el="82" ec="0" bec="0" bev="0" fileid="4" />
                <SequencePoint vc="0" uspid="6624" ordinal="0" offset="316" sl="83" sc="0" el="83" ec="0" bec="0" bev="0" fileid="4" />
                <SequencePoint vc="0" uspid="6625" ordinal="0" offset="319" sl="85" sc="0" el="85" ec="0" bec="0" bev="0" fileid="4" />
                <SequencePoint vc="0" uspid="6626" ordinal="0" offset="320" sl="87" sc="0" el="87" ec="0" bec="0" bev="0" fileid="4" />
                <SequencePoint vc="0" uspid="6627" ordinal="0" offset="332" sl="88" sc="0" el="88" ec="0" bec="0" bev="0" fileid="4" />
                <SequencePoint vc="0" uspid="6628" ordinal="0" offset="333" sl="91" sc="0" el="91" ec="0" bec="0" bev="0" fileid="4" />
                <SequencePoint vc="0" uspid="6629" ordinal="0" offset="345" sl="92" sc="0" el="92" ec="0" bec="0" bev="0" fileid="4" />
                <SequencePoint vc="0" uspid="6630" ordinal="0" offset="357" sl="93" sc="0" el="93" ec="0" bec="0" bev="0" fileid="4" />
                <SequencePoint vc="0" uspid="6631" ordinal="0" offset="369" sl="94" sc="0" el="94" ec="0" bec="0" bev="0" fileid="4" />
                <SequencePoint vc="0" uspid="6632" ordinal="0" offset="372" sl="96" sc="0" el="96" ec="0" bec="0" bev="0" fileid="4" />
                <SequencePoint vc="0" uspid="6633" ordinal="0" offset="373" sl="98" sc="0" el="98" ec="0" bec="0" bev="0" fileid="4" />
                <SequencePoint vc="0" uspid="6634" ordinal="0" offset="391" sl="99" sc="0" el="99" ec="0" bec="0" bev="0" fileid="4" />
                <SequencePoint vc="0" uspid="6635" ordinal="0" offset="392" sl="100" sc="0" el="100" ec="0" bec="0" bev="0" fileid="4" />
                <SequencePoint vc="0" uspid="6636" ordinal="0" offset="393" sl="101" sc="0" el="101" ec="0" bec="0" bev="0" fileid="4" />
              </SequencePoints>
              <BranchPoints />
            </Method>
            <Method visited="false" cyclomaticComplexity="0" nPathComplexity="0" sequenceCoverage="0.0" branchCoverage="0" crapScore="0" isConstructor="true" isStatic="false" isGetter="false" isSetter="false">
              <Summary numSequencePoints="2" visitedSequencePoints="0" numBranchPoints="0" visitedBranchPoints="0" sequenceCoverage="0.0" branchCoverage="0" maxCyclomaticComplexity="0" minCyclomaticComplexity="0" maxCrapScore="0" minCrapScore="0" visitedClasses="0" numClasses="0" visitedMethods="0" numMethods="1" />
              <MetadataToken>100663311</MetadataToken>
              <Name>EnemyPatrol::EnemyPatrol()</Name>
              <FileRef uid="4" />
              <SequencePoints>
                <SequencePoint vc="0" uspid="6637" ordinal="0" offset="0" sl="21" sc="0" el="21" ec="0" bec="0" bev="0" fileid="4" />
                <SequencePoint vc="0" uspid="6638" ordinal="0" offset="7" sl="29" sc="0" el="29" ec="0" bec="0" bev="0" fileid="4" />
              </SequencePoints>
              <BranchPoints />
            </Method>
          </Methods>
        </Class>
        <Class>
          <Summary numSequencePoints="243" visitedSequencePoints="0" numBranchPoints="0" visitedBranchPoints="0" sequenceCoverage="0.0" branchCoverage="0.0" maxCyclomaticComplexity="0" minCyclomaticComplexity="0" maxCrapScore="0" minCrapScore="0" visitedClasses="0" numClasses="1" visitedMethods="0" numMethods="23" />
          <FullName>GameManager</FullName>
          <Methods>
            <Method visited="false" cyclomaticComplexity="0" nPathComplexity="0" sequenceCoverage="0.0" branchCoverage="0" crapScore="0" isConstructor="false" isStatic="true" isGetter="true" isSetter="false">
              <Summary numSequencePoints="1" visitedSequencePoints="0" numBranchPoints="0" visitedBranchPoints="0" sequenceCoverage="0.0" branchCoverage="0" maxCyclomaticComplexity="0" minCyclomaticComplexity="0" maxCrapScore="0" minCrapScore="0" visitedClasses="0" numClasses="0" visitedMethods="0" numMethods="1" />
              <MetadataToken>100663312</MetadataToken>
              <Name>static GameManager GameManager::get_Instance()</Name>
              <FileRef uid="5" />
              <SequencePoints>
                <SequencePoint vc="0" uspid="6639" ordinal="0" offset="0" sl="14" sc="42" el="14" ec="42" bec="0" bev="0" fileid="5" />
              </SequencePoints>
              <BranchPoints />
            </Method>
            <Method visited="false" cyclomaticComplexity="0" nPathComplexity="0" sequenceCoverage="0.0" branchCoverage="0" crapScore="0" isConstructor="false" isStatic="true" isGetter="false" isSetter="true">
              <Summary numSequencePoints="1" visitedSequencePoints="0" numBranchPoints="0" visitedBranchPoints="0" sequenceCoverage="0.0" branchCoverage="0" maxCyclomaticComplexity="0" minCyclomaticComplexity="0" maxCrapScore="0" minCrapScore="0" visitedClasses="0" numClasses="0" visitedMethods="0" numMethods="1" />
              <MetadataToken>100663313</MetadataToken>
              <Name>static System.Void GameManager::set_Instance(GameManager)</Name>
              <FileRef uid="5" />
              <SequencePoints>
                <SequencePoint vc="0" uspid="6640" ordinal="0" offset="0" sl="14" sc="47" el="14" ec="47" bec="0" bev="0" fileid="5" />
              </SequencePoints>
              <BranchPoints />
            </Method>
            <Method visited="false" cyclomaticComplexity="0" nPathComplexity="0" sequenceCoverage="0.0" branchCoverage="0" crapScore="0" isConstructor="false" isStatic="false" isGetter="true" isSetter="false">
              <Summary numSequencePoints="1" visitedSequencePoints="0" numBranchPoints="0" visitedBranchPoints="0" sequenceCoverage="0.0" branchCoverage="0" maxCyclomaticComplexity="0" minCyclomaticComplexity="0" maxCrapScore="0" minCrapScore="0" visitedClasses="0" numClasses="0" visitedMethods="0" numMethods="1" />
              <MetadataToken>100663314</MetadataToken>
              <Name>System.Int32 GameManager::get_score()</Name>
              <FileRef uid="5" />
              <SequencePoints>
                <SequencePoint vc="0" uspid="6641" ordinal="0" offset="0" sl="73" sc="0" el="73" ec="0" bec="0" bev="0" fileid="5" />
              </SequencePoints>
              <BranchPoints />
            </Method>
            <Method visited="false" cyclomaticComplexity="0" nPathComplexity="0" sequenceCoverage="0.0" branchCoverage="0" crapScore="0" isConstructor="false" isStatic="false" isGetter="false" isSetter="true">
              <Summary numSequencePoints="1" visitedSequencePoints="0" numBranchPoints="0" visitedBranchPoints="0" sequenceCoverage="0.0" branchCoverage="0" maxCyclomaticComplexity="0" minCyclomaticComplexity="0" maxCrapScore="0" minCrapScore="0" visitedClasses="0" numClasses="0" visitedMethods="0" numMethods="1" />
              <MetadataToken>100663315</MetadataToken>
              <Name>System.Void GameManager::set_score(System.Int32)</Name>
              <FileRef uid="5" />
              <SequencePoints>
                <SequencePoint vc="0" uspid="6642" ordinal="0" offset="0" sl="73" sc="0" el="73" ec="0" bec="0" bev="0" fileid="5" />
              </SequencePoints>
              <BranchPoints />
            </Method>
            <Method visited="false" cyclomaticComplexity="0" nPathComplexity="0" sequenceCoverage="0.0" branchCoverage="0" crapScore="0" isConstructor="false" isStatic="false" isGetter="false" isSetter="false">
              <Summary numSequencePoints="9" visitedSequencePoints="0" numBranchPoints="0" visitedBranchPoints="0" sequenceCoverage="0.0" branchCoverage="0" maxCyclomaticComplexity="0" minCyclomaticComplexity="0" maxCrapScore="0" minCrapScore="0" visitedClasses="0" numClasses="0" visitedMethods="0" numMethods="1" />
              <MetadataToken>100663316</MetadataToken>
              <Name>System.Void GameManager::Awake()</Name>
              <FileRef uid="5" />
              <SequencePoints>
                <SequencePoint vc="0" uspid="6643" ordinal="0" offset="0" sl="83" sc="5" el="83" ec="5" bec="0" bev="0" fileid="5" />
                <SequencePoint vc="0" uspid="6644" ordinal="0" offset="1" sl="84" sc="9" el="84" ec="9" bec="0" bev="0" fileid="5" />
                <SequencePoint vc="0" uspid="6645" ordinal="0" offset="16" sl="85" sc="9" el="85" ec="9" bec="0" bev="0" fileid="5" />
                <SequencePoint vc="0" uspid="6646" ordinal="0" offset="17" sl="86" sc="13" el="86" ec="13" bec="0" bev="0" fileid="5" />
                <SequencePoint vc="0" uspid="6647" ordinal="0" offset="29" sl="87" sc="9" el="87" ec="9" bec="0" bev="0" fileid="5" />
                <SequencePoint vc="0" uspid="6648" ordinal="0" offset="32" sl="89" sc="9" el="89" ec="9" bec="0" bev="0" fileid="5" />
                <SequencePoint vc="0" uspid="6649" ordinal="0" offset="33" sl="90" sc="13" el="90" ec="13" bec="0" bev="0" fileid="5" />
                <SequencePoint vc="0" uspid="6650" ordinal="0" offset="40" sl="91" sc="9" el="91" ec="9" bec="0" bev="0" fileid="5" />
                <SequencePoint vc="0" uspid="6651" ordinal="0" offset="41" sl="92" sc="5" el="92" ec="5" bec="0" bev="0" fileid="5" />
              </SequencePoints>
              <BranchPoints />
            </Method>
            <Method visited="false" cyclomaticComplexity="0" nPathComplexity="0" sequenceCoverage="0.0" branchCoverage="0" crapScore="0" isConstructor="false" isStatic="false" isGetter="false" isSetter="false">
              <Summary numSequencePoints="6" visitedSequencePoints="0" numBranchPoints="0" visitedBranchPoints="0" sequenceCoverage="0.0" branchCoverage="0" maxCyclomaticComplexity="0" minCyclomaticComplexity="0" maxCrapScore="0" minCrapScore="0" visitedClasses="0" numClasses="0" visitedMethods="0" numMethods="1" />
              <MetadataToken>100663317</MetadataToken>
              <Name>System.Void GameManager::OnDestroy()</Name>
              <FileRef uid="5" />
              <SequencePoints>
                <SequencePoint vc="0" uspid="6652" ordinal="0" offset="0" sl="96" sc="0" el="96" ec="0" bec="0" bev="0" fileid="5" />
                <SequencePoint vc="0" uspid="6653" ordinal="0" offset="1" sl="97" sc="0" el="97" ec="0" bec="0" bev="0" fileid="5" />
                <SequencePoint vc="0" uspid="6654" ordinal="0" offset="16" sl="98" sc="0" el="98" ec="0" bec="0" bev="0" fileid="5" />
                <SequencePoint vc="0" uspid="6655" ordinal="0" offset="17" sl="99" sc="0" el="99" ec="0" bec="0" bev="0" fileid="5" />
                <SequencePoint vc="0" uspid="6656" ordinal="0" offset="24" sl="100" sc="0" el="100" ec="0" bec="0" bev="0" fileid="5" />
                <SequencePoint vc="0" uspid="6657" ordinal="0" offset="25" sl="101" sc="0" el="101" ec="0" bec="0" bev="0" fileid="5" />
              </SequencePoints>
              <BranchPoints />
            </Method>
            <Method visited="false" cyclomaticComplexity="0" nPathComplexity="0" sequenceCoverage="0.0" branchCoverage="0" crapScore="0" isConstructor="false" isStatic="false" isGetter="false" isSetter="false">
              <Summary numSequencePoints="16" visitedSequencePoints="0" numBranchPoints="0" visitedBranchPoints="0" sequenceCoverage="0.0" branchCoverage="0" maxCyclomaticComplexity="0" minCyclomaticComplexity="0" maxCrapScore="0" minCrapScore="0" visitedClasses="0" numClasses="0" visitedMethods="0" numMethods="1" />
              <MetadataToken>100663318</MetadataToken>
              <Name>System.Void GameManager::Start()</Name>
              <FileRef uid="5" />
              <SequencePoints>
                <SequencePoint vc="0" uspid="6658" ordinal="0" offset="0" sl="105" sc="0" el="105" ec="0" bec="0" bev="0" fileid="5" />
                <SequencePoint vc="0" uspid="6659" ordinal="0" offset="1" sl="106" sc="0" el="106" ec="0" bec="0" bev="0" fileid="5" />
                <SequencePoint vc="0" uspid="6660" ordinal="0" offset="20" sl="107" sc="0" el="107" ec="0" bec="0" bev="0" fileid="5" />
                <SequencePoint vc="0" uspid="6661" ordinal="0" offset="31" sl="108" sc="0" el="108" ec="0" bec="0" bev="0" fileid="5" />
                <SequencePoint vc="0" uspid="6662" ordinal="0" offset="48" sl="109" sc="0" el="109" ec="0" bec="0" bev="0" fileid="5" />
                <SequencePoint vc="0" uspid="6663" ordinal="0" offset="71" sl="110" sc="0" el="110" ec="0" bec="0" bev="0" fileid="5" />
                <SequencePoint vc="0" uspid="6664" ordinal="0" offset="88" sl="111" sc="0" el="111" ec="0" bec="0" bev="0" fileid="5" />
                <SequencePoint vc="0" uspid="6665" ordinal="0" offset="118" sl="112" sc="0" el="112" ec="0" bec="0" bev="0" fileid="5" />
                <SequencePoint vc="0" uspid="6666" ordinal="0" offset="119" sl="113" sc="0" el="113" ec="0" bec="0" bev="0" fileid="5" />
                <SequencePoint vc="0" uspid="6667" ordinal="0" offset="151" sl="114" sc="0" el="114" ec="0" bec="0" bev="0" fileid="5" />
                <SequencePoint vc="0" uspid="6668" ordinal="0" offset="182" sl="115" sc="0" el="115" ec="0" bec="0" bev="0" fileid="5" />
                <SequencePoint vc="0" uspid="6669" ordinal="0" offset="183" sl="117" sc="0" el="117" ec="0" bec="0" bev="0" fileid="5" />
                <SequencePoint vc="0" uspid="6670" ordinal="0" offset="205" sl="118" sc="0" el="118" ec="0" bec="0" bev="0" fileid="5" />
                <SequencePoint vc="0" uspid="6671" ordinal="0" offset="227" sl="121" sc="0" el="121" ec="0" bec="0" bev="0" fileid="5" />
                <SequencePoint vc="0" uspid="6672" ordinal="0" offset="240" sl="122" sc="0" el="122" ec="0" bec="0" bev="0" fileid="5" />
                <SequencePoint vc="0" uspid="6673" ordinal="0" offset="253" sl="123" sc="0" el="123" ec="0" bec="0" bev="0" fileid="5" />
              </SequencePoints>
              <BranchPoints />
            </Method>
            <Method visited="false" cyclomaticComplexity="0" nPathComplexity="0" sequenceCoverage="0.0" branchCoverage="0" crapScore="0" isConstructor="false" isStatic="false" isGetter="false" isSetter="false">
              <Summary numSequencePoints="11" visitedSequencePoints="0" numBranchPoints="0" visitedBranchPoints="0" sequenceCoverage="0.0" branchCoverage="0" maxCyclomaticComplexity="0" minCyclomaticComplexity="0" maxCrapScore="0" minCrapScore="0" visitedClasses="0" numClasses="0" visitedMethods="0" numMethods="1" />
              <MetadataToken>100663319</MetadataToken>
              <Name>System.Void GameManager::Update()</Name>
              <FileRef uid="5" />
              <SequencePoints>
                <SequencePoint vc="0" uspid="6674" ordinal="0" offset="0" sl="127" sc="0" el="127" ec="0" bec="0" bev="0" fileid="5" />
                <SequencePoint vc="0" uspid="6675" ordinal="0" offset="1" sl="128" sc="0" el="128" ec="0" bec="0" bev="0" fileid="5" />
                <SequencePoint vc="0" uspid="6676" ordinal="0" offset="12" sl="129" sc="0" el="129" ec="0" bec="0" bev="0" fileid="5" />
                <SequencePoint vc="0" uspid="6677" ordinal="0" offset="13" sl="130" sc="0" el="130" ec="0" bec="0" bev="0" fileid="5" />
                <SequencePoint vc="0" uspid="6678" ordinal="0" offset="20" sl="131" sc="0" el="131" ec="0" bec="0" bev="0" fileid="5" />
                <SequencePoint vc="0" uspid="6679" ordinal="0" offset="21" sl="133" sc="0" el="133" ec="0" bec="0" bev="0" fileid="5" />
                <SequencePoint vc="0" uspid="6680" ordinal="0" offset="32" sl="134" sc="0" el="134" ec="0" bec="0" bev="0" fileid="5" />
                <SequencePoint vc="0" uspid="6681" ordinal="0" offset="33" sl="135" sc="0" el="135" ec="0" bec="0" bev="0" fileid="5" />
                <SequencePoint vc="0" uspid="6682" ordinal="0" offset="61" sl="136" sc="0" el="136" ec="0" bec="0" bev="0" fileid="5" />
                <SequencePoint vc="0" uspid="6683" ordinal="0" offset="86" sl="137" sc="0" el="137" ec="0" bec="0" bev="0" fileid="5" />
                <SequencePoint vc="0" uspid="6684" ordinal="0" offset="87" sl="138" sc="0" el="138" ec="0" bec="0" bev="0" fileid="5" />
              </SequencePoints>
              <BranchPoints />
            </Method>
            <Method visited="false" cyclomaticComplexity="0" nPathComplexity="0" sequenceCoverage="0.0" branchCoverage="0" crapScore="0" isConstructor="false" isStatic="false" isGetter="false" isSetter="false">
              <Summary numSequencePoints="11" visitedSequencePoints="0" numBranchPoints="0" visitedBranchPoints="0" sequenceCoverage="0.0" branchCoverage="0" maxCyclomaticComplexity="0" minCyclomaticComplexity="0" maxCrapScore="0" minCrapScore="0" visitedClasses="0" numClasses="0" visitedMethods="0" numMethods="1" />
              <MetadataToken>100663320</MetadataToken>
              <Name>System.Void GameManager::UpdateProgressBar()</Name>
              <FileRef uid="5" />
              <SequencePoints>
                <SequencePoint vc="0" uspid="6685" ordinal="0" offset="0" sl="142" sc="0" el="142" ec="0" bec="0" bev="0" fileid="5" />
                <SequencePoint vc="0" uspid="6686" ordinal="0" offset="1" sl="143" sc="0" el="143" ec="0" bec="0" bev="0" fileid="5" />
                <SequencePoint vc="0" uspid="6687" ordinal="0" offset="17" sl="143" sc="0" el="143" ec="0" bec="0" bev="0" fileid="5" />
                <SequencePoint vc="0" uspid="6688" ordinal="0" offset="19" sl="145" sc="0" el="145" ec="0" bec="0" bev="0" fileid="5" />
                <SequencePoint vc="0" uspid="6689" ordinal="0" offset="37" sl="146" sc="0" el="146" ec="0" bec="0" bev="0" fileid="5" />
                <SequencePoint vc="0" uspid="6690" ordinal="0" offset="56" sl="148" sc="0" el="148" ec="0" bec="0" bev="0" fileid="5" />
                <SequencePoint vc="0" uspid="6691" ordinal="0" offset="69" sl="150" sc="0" el="150" ec="0" bec="0" bev="0" fileid="5" />
                <SequencePoint vc="0" uspid="6692" ordinal="0" offset="99" sl="151" sc="0" el="151" ec="0" bec="0" bev="0" fileid="5" />
                <SequencePoint vc="0" uspid="6693" ordinal="0" offset="100" sl="152" sc="0" el="152" ec="0" bec="0" bev="0" fileid="5" />
                <SequencePoint vc="0" uspid="6694" ordinal="0" offset="107" sl="153" sc="0" el="153" ec="0" bec="0" bev="0" fileid="5" />
                <SequencePoint vc="0" uspid="6695" ordinal="0" offset="108" sl="154" sc="0" el="154" ec="0" bec="0" bev="0" fileid="5" />
              </SequencePoints>
              <BranchPoints />
            </Method>
            <Method visited="false" cyclomaticComplexity="0" nPathComplexity="0" sequenceCoverage="0.0" branchCoverage="0" crapScore="0" isConstructor="false" isStatic="false" isGetter="false" isSetter="false">
              <Summary numSequencePoints="14" visitedSequencePoints="0" numBranchPoints="0" visitedBranchPoints="0" sequenceCoverage="0.0" branchCoverage="0" maxCyclomaticComplexity="0" minCyclomaticComplexity="0" maxCrapScore="0" minCrapScore="0" visitedClasses="0" numClasses="0" visitedMethods="0" numMethods="1" />
              <MetadataToken>100663322</MetadataToken>
              <Name>System.Void GameManager::SpawnRepairKit()</Name>
              <FileRef uid="5" />
              <SequencePoints>
                <SequencePoint vc="0" uspid="6696" ordinal="0" offset="0" sl="166" sc="0" el="166" ec="0" bec="0" bev="0" fileid="5" />
                <SequencePoint vc="0" uspid="6697" ordinal="0" offset="1" sl="167" sc="0" el="167" ec="0" bec="0" bev="0" fileid="5" />
                <SequencePoint vc="0" uspid="6698" ordinal="0" offset="14" sl="168" sc="0" el="168" ec="0" bec="0" bev="0" fileid="5" />
                <SequencePoint vc="0" uspid="6699" ordinal="0" offset="25" sl="169" sc="0" el="169" ec="0" bec="0" bev="0" fileid="5" />
                <SequencePoint vc="0" uspid="6700" ordinal="0" offset="26" sl="170" sc="0" el="170" ec="0" bec="0" bev="0" fileid="5" />
                <SequencePoint vc="0" uspid="6701" ordinal="0" offset="45" sl="171" sc="0" el="171" ec="0" bec="0" bev="0" fileid="5" />
                <SequencePoint vc="0" uspid="6702" ordinal="0" offset="46" sl="172" sc="0" el="172" ec="0" bec="0" bev="0" fileid="5" />
                <SequencePoint vc="0" uspid="6703" ordinal="0" offset="62" sl="173" sc="0" el="173" ec="0" bec="0" bev="0" fileid="5" />
                <SequencePoint vc="0" uspid="6704" ordinal="0" offset="79" sl="174" sc="0" el="174" ec="0" bec="0" bev="0" fileid="5" />
                <SequencePoint vc="0" uspid="6705" ordinal="0" offset="96" sl="175" sc="0" el="175" ec="0" bec="0" bev="0" fileid="5" />
                <SequencePoint vc="0" uspid="6706" ordinal="0" offset="140" sl="176" sc="0" el="176" ec="0" bec="0" bev="0" fileid="5" />
                <SequencePoint vc="0" uspid="6707" ordinal="0" offset="159" sl="177" sc="0" el="177" ec="0" bec="0" bev="0" fileid="5" />
                <SequencePoint vc="0" uspid="6708" ordinal="0" offset="160" sl="178" sc="0" el="178" ec="0" bec="0" bev="0" fileid="5" />
                <SequencePoint vc="0" uspid="6709" ordinal="0" offset="161" sl="179" sc="0" el="179" ec="0" bec="0" bev="0" fileid="5" />
              </SequencePoints>
              <BranchPoints />
            </Method>
            <Method visited="false" cyclomaticComplexity="0" nPathComplexity="0" sequenceCoverage="0.0" branchCoverage="0" crapScore="0" isConstructor="false" isStatic="false" isGetter="false" isSetter="false">
              <Summary numSequencePoints="3" visitedSequencePoints="0" numBranchPoints="0" visitedBranchPoints="0" sequenceCoverage="0.0" branchCoverage="0" maxCyclomaticComplexity="0" minCyclomaticComplexity="0" maxCrapScore="0" minCrapScore="0" visitedClasses="0" numClasses="0" visitedMethods="0" numMethods="1" />
              <MetadataToken>100663323</MetadataToken>
              <Name>System.Void GameManager::RestartMission()</Name>
              <FileRef uid="5" />
              <SequencePoints>
                <SequencePoint vc="0" uspid="6710" ordinal="0" offset="0" sl="183" sc="0" el="183" ec="0" bec="0" bev="0" fileid="5" />
                <SequencePoint vc="0" uspid="6711" ordinal="0" offset="1" sl="184" sc="0" el="184" ec="0" bec="0" bev="0" fileid="5" />
                <SequencePoint vc="0" uspid="6712" ordinal="0" offset="20" sl="185" sc="0" el="185" ec="0" bec="0" bev="0" fileid="5" />
              </SequencePoints>
              <BranchPoints />
            </Method>
            <Method visited="false" cyclomaticComplexity="0" nPathComplexity="0" sequenceCoverage="0.0" branchCoverage="0" crapScore="0" isConstructor="false" isStatic="false" isGetter="false" isSetter="false">
              <Summary numSequencePoints="35" visitedSequencePoints="0" numBranchPoints="0" visitedBranchPoints="0" sequenceCoverage="0.0" branchCoverage="0" maxCyclomaticComplexity="0" minCyclomaticComplexity="0" maxCrapScore="0" minCrapScore="0" visitedClasses="0" numClasses="0" visitedMethods="0" numMethods="1" />
              <MetadataToken>100663324</MetadataToken>
              <Name>System.Void GameManager::StopGame()</Name>
              <FileRef uid="5" />
              <SequencePoints>
                <SequencePoint vc="0" uspid="6713" ordinal="0" offset="0" sl="189" sc="0" el="189" ec="0" bec="0" bev="0" fileid="5" />
                <SequencePoint vc="0" uspid="6714" ordinal="0" offset="1" sl="190" sc="0" el="190" ec="0" bec="0" bev="0" fileid="5" />
                <SequencePoint vc="0" uspid="6715" ordinal="0" offset="2" sl="190" sc="0" el="190" ec="0" bec="0" bev="0" fileid="5" />
                <SequencePoint vc="0" uspid="6716" ordinal="0" offset="17" sl="190" sc="0" el="190" ec="0" bec="0" bev="0" fileid="5" />
                <SequencePoint vc="0" uspid="6717" ordinal="0" offset="21" sl="191" sc="0" el="191" ec="0" bec="0" bev="0" fileid="5" />
                <SequencePoint vc="0" uspid="6718" ordinal="0" offset="22" sl="192" sc="0" el="192" ec="0" bec="0" bev="0" fileid="5" />
                <SequencePoint vc="0" uspid="6719" ordinal="0" offset="40" sl="193" sc="0" el="193" ec="0" bec="0" bev="0" fileid="5" />
                <SequencePoint vc="0" uspid="6720" ordinal="0" offset="45" sl="190" sc="0" el="190" ec="0" bec="0" bev="0" fileid="5" />
                <SequencePoint vc="0" uspid="6721" ordinal="0" offset="51" sl="194" sc="0" el="194" ec="0" bec="0" bev="0" fileid="5" />
                <SequencePoint vc="0" uspid="6722" ordinal="0" offset="52" sl="194" sc="0" el="194" ec="0" bec="0" bev="0" fileid="5" />
                <SequencePoint vc="0" uspid="6723" ordinal="0" offset="68" sl="194" sc="0" el="194" ec="0" bec="0" bev="0" fileid="5" />
                <SequencePoint vc="0" uspid="6724" ordinal="0" offset="74" sl="195" sc="0" el="195" ec="0" bec="0" bev="0" fileid="5" />
                <SequencePoint vc="0" uspid="6725" ordinal="0" offset="75" sl="196" sc="0" el="196" ec="0" bec="0" bev="0" fileid="5" />
                <SequencePoint vc="0" uspid="6726" ordinal="0" offset="89" sl="197" sc="0" el="197" ec="0" bec="0" bev="0" fileid="5" />
                <SequencePoint vc="0" uspid="6727" ordinal="0" offset="96" sl="194" sc="0" el="194" ec="0" bec="0" bev="0" fileid="5" />
                <SequencePoint vc="0" uspid="6728" ordinal="0" offset="103" sl="198" sc="0" el="198" ec="0" bec="0" bev="0" fileid="5" />
                <SequencePoint vc="0" uspid="6729" ordinal="0" offset="104" sl="198" sc="0" el="198" ec="0" bec="0" bev="0" fileid="5" />
                <SequencePoint vc="0" uspid="6730" ordinal="0" offset="121" sl="198" sc="0" el="198" ec="0" bec="0" bev="0" fileid="5" />
                <SequencePoint vc="0" uspid="6731" ordinal="0" offset="128" sl="199" sc="0" el="199" ec="0" bec="0" bev="0" fileid="5" />
                <SequencePoint vc="0" uspid="6732" ordinal="0" offset="129" sl="200" sc="0" el="200" ec="0" bec="0" bev="0" fileid="5" />
                <SequencePoint vc="0" uspid="6733" ordinal="0" offset="143" sl="201" sc="0" el="201" ec="0" bec="0" bev="0" fileid="5" />
                <SequencePoint vc="0" uspid="6734" ordinal="0" offset="150" sl="198" sc="0" el="198" ec="0" bec="0" bev="0" fileid="5" />
                <SequencePoint vc="0" uspid="6735" ordinal="0" offset="158" sl="202" sc="0" el="202" ec="0" bec="0" bev="0" fileid="5" />
                <SequencePoint vc="0" uspid="6736" ordinal="0" offset="159" sl="202" sc="0" el="202" ec="0" bec="0" bev="0" fileid="5" />
                <SequencePoint vc="0" uspid="6737" ordinal="0" offset="176" sl="202" sc="0" el="202" ec="0" bec="0" bev="0" fileid="5" />
                <SequencePoint vc="0" uspid="6738" ordinal="0" offset="183" sl="203" sc="0" el="203" ec="0" bec="0" bev="0" fileid="5" />
                <SequencePoint vc="0" uspid="6739" ordinal="0" offset="184" sl="204" sc="0" el="204" ec="0" bec="0" bev="0" fileid="5" />
                <SequencePoint vc="0" uspid="6740" ordinal="0" offset="197" sl="205" sc="0" el="205" ec="0" bec="0" bev="0" fileid="5" />
                <SequencePoint vc="0" uspid="6741" ordinal="0" offset="204" sl="202" sc="0" el="202" ec="0" bec="0" bev="0" fileid="5" />
                <SequencePoint vc="0" uspid="6742" ordinal="0" offset="212" sl="207" sc="0" el="207" ec="0" bec="0" bev="0" fileid="5" />
                <SequencePoint vc="0" uspid="6743" ordinal="0" offset="224" sl="208" sc="0" el="208" ec="0" bec="0" bev="0" fileid="5" />
                <SequencePoint vc="0" uspid="6744" ordinal="0" offset="236" sl="209" sc="0" el="209" ec="0" bec="0" bev="0" fileid="5" />
                <SequencePoint vc="0" uspid="6745" ordinal="0" offset="254" sl="210" sc="0" el="210" ec="0" bec="0" bev="0" fileid="5" />
                <SequencePoint vc="0" uspid="6746" ordinal="0" offset="267" sl="211" sc="0" el="211" ec="0" bec="0" bev="0" fileid="5" />
                <SequencePoint vc="0" uspid="6747" ordinal="0" offset="280" sl="212" sc="0" el="212" ec="0" bec="0" bev="0" fileid="5" />
              </SequencePoints>
              <BranchPoints />
            </Method>
            <Method visited="false" cyclomaticComplexity="0" nPathComplexity="0" sequenceCoverage="0.0" branchCoverage="0" crapScore="0" isConstructor="false" isStatic="false" isGetter="false" isSetter="false">
              <Summary numSequencePoints="6" visitedSequencePoints="0" numBranchPoints="0" visitedBranchPoints="0" sequenceCoverage="0.0" branchCoverage="0" maxCyclomaticComplexity="0" minCyclomaticComplexity="0" maxCrapScore="0" minCrapScore="0" visitedClasses="0" numClasses="0" visitedMethods="0" numMethods="1" />
              <MetadataToken>100663325</MetadataToken>
              <Name>System.Void GameManager::GameOver()</Name>
              <FileRef uid="5" />
              <SequencePoints>
                <SequencePoint vc="0" uspid="6748" ordinal="0" offset="0" sl="216" sc="0" el="216" ec="0" bec="0" bev="0" fileid="5" />
                <SequencePoint vc="0" uspid="6749" ordinal="0" offset="1" sl="217" sc="0" el="217" ec="0" bec="0" bev="0" fileid="5" />
                <SequencePoint vc="0" uspid="6750" ordinal="0" offset="8" sl="219" sc="0" el="219" ec="0" bec="0" bev="0" fileid="5" />
                <SequencePoint vc="0" uspid="6751" ordinal="0" offset="55" sl="220" sc="0" el="220" ec="0" bec="0" bev="0" fileid="5" />
                <SequencePoint vc="0" uspid="6752" ordinal="0" offset="100" sl="221" sc="0" el="221" ec="0" bec="0" bev="0" fileid="5" />
                <SequencePoint vc="0" uspid="6753" ordinal="0" offset="117" sl="222" sc="0" el="222" ec="0" bec="0" bev="0" fileid="5" />
              </SequencePoints>
              <BranchPoints />
            </Method>
            <Method visited="false" cyclomaticComplexity="0" nPathComplexity="0" sequenceCoverage="0.0" branchCoverage="0" crapScore="0" isConstructor="false" isStatic="false" isGetter="false" isSetter="false">
              <Summary numSequencePoints="13" visitedSequencePoints="0" numBranchPoints="0" visitedBranchPoints="0" sequenceCoverage="0.0" branchCoverage="0" maxCyclomaticComplexity="0" minCyclomaticComplexity="0" maxCrapScore="0" minCrapScore="0" visitedClasses="0" numClasses="0" visitedMethods="0" numMethods="1" />
              <MetadataToken>100663326</MetadataToken>
              <Name>System.Void GameManager::SetScore(System.Int32)</Name>
              <FileRef uid="5" />
              <SequencePoints>
                <SequencePoint vc="0" uspid="6754" ordinal="0" offset="0" sl="227" sc="0" el="227" ec="0" bec="0" bev="0" fileid="5" />
                <SequencePoint vc="0" uspid="6755" ordinal="0" offset="1" sl="228" sc="0" el="228" ec="0" bec="0" bev="0" fileid="5" />
                <SequencePoint vc="0" uspid="6756" ordinal="0" offset="9" sl="229" sc="0" el="229" ec="0" bec="0" bev="0" fileid="5" />
                <SequencePoint vc="0" uspid="6757" ordinal="0" offset="22" sl="230" sc="0" el="230" ec="0" bec="0" bev="0" fileid="5" />
                <SequencePoint vc="0" uspid="6758" ordinal="0" offset="23" sl="231" sc="0" el="231" ec="0" bec="0" bev="0" fileid="5" />
                <SequencePoint vc="0" uspid="6759" ordinal="0" offset="30" sl="232" sc="0" el="232" ec="0" bec="0" bev="0" fileid="5" />
                <SequencePoint vc="0" uspid="6760" ordinal="0" offset="63" sl="233" sc="0" el="233" ec="0" bec="0" bev="0" fileid="5" />
                <SequencePoint vc="0" uspid="6761" ordinal="0" offset="79" sl="233" sc="0" el="233" ec="0" bec="0" bev="0" fileid="5" />
                <SequencePoint vc="0" uspid="6762" ordinal="0" offset="110" sl="234" sc="0" el="234" ec="0" bec="0" bev="0" fileid="5" />
                <SequencePoint vc="0" uspid="6763" ordinal="0" offset="117" sl="235" sc="0" el="235" ec="0" bec="0" bev="0" fileid="5" />
                <SequencePoint vc="0" uspid="6764" ordinal="0" offset="118" sl="236" sc="0" el="236" ec="0" bec="0" bev="0" fileid="5" />
                <SequencePoint vc="0" uspid="6765" ordinal="0" offset="134" sl="236" sc="0" el="236" ec="0" bec="0" bev="0" fileid="5" />
                <SequencePoint vc="0" uspid="6766" ordinal="0" offset="161" sl="237" sc="0" el="237" ec="0" bec="0" bev="0" fileid="5" />
              </SequencePoints>
              <BranchPoints />
            </Method>
            <Method visited="false" cyclomaticComplexity="0" nPathComplexity="0" sequenceCoverage="0.0" branchCoverage="0" crapScore="0" isConstructor="false" isStatic="false" isGetter="false" isSetter="false">
              <Summary numSequencePoints="6" visitedSequencePoints="0" numBranchPoints="0" visitedBranchPoints="0" sequenceCoverage="0.0" branchCoverage="0" maxCyclomaticComplexity="0" minCyclomaticComplexity="0" maxCrapScore="0" minCrapScore="0" visitedClasses="0" numClasses="0" visitedMethods="0" numMethods="1" />
              <MetadataToken>100663327</MetadataToken>
              <Name>System.Void GameManager::NewRecord()</Name>
              <FileRef uid="5" />
              <SequencePoints>
                <SequencePoint vc="0" uspid="6767" ordinal="0" offset="0" sl="241" sc="0" el="241" ec="0" bec="0" bev="0" fileid="5" />
                <SequencePoint vc="0" uspid="6768" ordinal="0" offset="1" sl="242" sc="0" el="242" ec="0" bec="0" bev="0" fileid="5" />
                <SequencePoint vc="0" uspid="6769" ordinal="0" offset="14" sl="243" sc="0" el="243" ec="0" bec="0" bev="0" fileid="5" />
                <SequencePoint vc="0" uspid="6770" ordinal="0" offset="15" sl="244" sc="0" el="244" ec="0" bec="0" bev="0" fileid="5" />
                <SequencePoint vc="0" uspid="6771" ordinal="0" offset="28" sl="245" sc="0" el="245" ec="0" bec="0" bev="0" fileid="5" />
                <SequencePoint vc="0" uspid="6772" ordinal="0" offset="29" sl="246" sc="0" el="246" ec="0" bec="0" bev="0" fileid="5" />
              </SequencePoints>
              <BranchPoints />
            </Method>
            <Method visited="false" cyclomaticComplexity="0" nPathComplexity="0" sequenceCoverage="0.0" branchCoverage="0" crapScore="0" isConstructor="false" isStatic="false" isGetter="false" isSetter="false">
              <Summary numSequencePoints="13" visitedSequencePoints="0" numBranchPoints="0" visitedBranchPoints="0" sequenceCoverage="0.0" branchCoverage="0" maxCyclomaticComplexity="0" minCyclomaticComplexity="0" maxCrapScore="0" minCrapScore="0" visitedClasses="0" numClasses="0" visitedMethods="0" numMethods="1" />
              <MetadataToken>100663329</MetadataToken>
              <Name>System.Void GameManager::OnPlayerKilled()</Name>
              <FileRef uid="5" />
              <SequencePoints>
                <SequencePoint vc="0" uspid="6773" ordinal="0" offset="0" sl="276" sc="0" el="276" ec="0" bec="0" bev="0" fileid="5" />
                <SequencePoint vc="0" uspid="6774" ordinal="0" offset="1" sl="277" sc="0" el="277" ec="0" bec="0" bev="0" fileid="5" />
                <SequencePoint vc="0" uspid="6775" ordinal="0" offset="31" sl="278" sc="0" el="278" ec="0" bec="0" bev="0" fileid="5" />
                <SequencePoint vc="0" uspid="6776" ordinal="0" offset="47" sl="278" sc="0" el="278" ec="0" bec="0" bev="0" fileid="5" />
                <SequencePoint vc="0" uspid="6777" ordinal="0" offset="75" sl="280" sc="0" el="280" ec="0" bec="0" bev="0" fileid="5" />
                <SequencePoint vc="0" uspid="6778" ordinal="0" offset="93" sl="281" sc="0" el="281" ec="0" bec="0" bev="0" fileid="5" />
                <SequencePoint vc="0" uspid="6779" ordinal="0" offset="94" sl="282" sc="0" el="282" ec="0" bec="0" bev="0" fileid="5" />
                <SequencePoint vc="0" uspid="6780" ordinal="0" offset="111" sl="283" sc="0" el="283" ec="0" bec="0" bev="0" fileid="5" />
                <SequencePoint vc="0" uspid="6781" ordinal="0" offset="123" sl="284" sc="0" el="284" ec="0" bec="0" bev="0" fileid="5" />
                <SequencePoint vc="0" uspid="6782" ordinal="0" offset="126" sl="286" sc="0" el="286" ec="0" bec="0" bev="0" fileid="5" />
                <SequencePoint vc="0" uspid="6783" ordinal="0" offset="127" sl="288" sc="0" el="288" ec="0" bec="0" bev="0" fileid="5" />
                <SequencePoint vc="0" uspid="6784" ordinal="0" offset="134" sl="289" sc="0" el="289" ec="0" bec="0" bev="0" fileid="5" />
                <SequencePoint vc="0" uspid="6785" ordinal="0" offset="135" sl="290" sc="0" el="290" ec="0" bec="0" bev="0" fileid="5" />
              </SequencePoints>
              <BranchPoints />
            </Method>
            <Method visited="false" cyclomaticComplexity="0" nPathComplexity="0" sequenceCoverage="0.0" branchCoverage="0" crapScore="0" isConstructor="false" isStatic="false" isGetter="false" isSetter="false">
              <Summary numSequencePoints="8" visitedSequencePoints="0" numBranchPoints="0" visitedBranchPoints="0" sequenceCoverage="0.0" branchCoverage="0" maxCyclomaticComplexity="0" minCyclomaticComplexity="0" maxCrapScore="0" minCrapScore="0" visitedClasses="0" numClasses="0" visitedMethods="0" numMethods="1" />
              <MetadataToken>100663330</MetadataToken>
              <Name>System.Void GameManager::HealPlayer()</Name>
              <FileRef uid="5" />
              <SequencePoints>
                <SequencePoint vc="0" uspid="6786" ordinal="0" offset="0" sl="294" sc="5" el="294" ec="5" bec="0" bev="0" fileid="5" />
                <SequencePoint vc="0" uspid="6787" ordinal="0" offset="1" sl="296" sc="9" el="296" ec="9" bec="0" bev="0" fileid="5" />
                <SequencePoint vc="0" uspid="6788" ordinal="0" offset="24" sl="297" sc="9" el="297" ec="9" bec="0" bev="0" fileid="5" />
                <SequencePoint vc="0" uspid="6789" ordinal="0" offset="25" sl="298" sc="13" el="298" ec="13" bec="0" bev="0" fileid="5" />
                <SequencePoint vc="0" uspid="6790" ordinal="0" offset="44" sl="299" sc="13" el="299" ec="13" bec="0" bev="0" fileid="5" />
                <SequencePoint vc="0" uspid="6791" ordinal="0" offset="60" sl="299" sc="35" el="299" ec="35" bec="0" bev="0" fileid="5" />
                <SequencePoint vc="0" uspid="6792" ordinal="0" offset="88" sl="300" sc="9" el="300" ec="9" bec="0" bev="0" fileid="5" />
                <SequencePoint vc="0" uspid="6793" ordinal="0" offset="89" sl="301" sc="5" el="301" ec="5" bec="0" bev="0" fileid="5" />
              </SequencePoints>
              <BranchPoints />
            </Method>
            <Method visited="false" cyclomaticComplexity="0" nPathComplexity="0" sequenceCoverage="0.0" branchCoverage="0" crapScore="0" isConstructor="false" isStatic="false" isGetter="false" isSetter="false">
              <Summary numSequencePoints="34" visitedSequencePoints="0" numBranchPoints="0" visitedBranchPoints="0" sequenceCoverage="0.0" branchCoverage="0" maxCyclomaticComplexity="0" minCyclomaticComplexity="0" maxCrapScore="0" minCrapScore="0" visitedClasses="0" numClasses="0" visitedMethods="0" numMethods="1" />
              <MetadataToken>100663331</MetadataToken>
              <Name>System.Void GameManager::UpgradeWeapons()</Name>
              <FileRef uid="5" />
              <SequencePoints>
                <SequencePoint vc="0" uspid="6794" ordinal="0" offset="0" sl="306" sc="5" el="306" ec="5" bec="0" bev="0" fileid="5" />
                <SequencePoint vc="0" uspid="6795" ordinal="0" offset="1" sl="307" sc="9" el="307" ec="9" bec="0" bev="0" fileid="5" />
                <SequencePoint vc="0" uspid="6796" ordinal="0" offset="13" sl="309" sc="9" el="309" ec="9" bec="0" bev="0" fileid="5" />
                <SequencePoint vc="0" uspid="6797" ordinal="0" offset="41" sl="310" sc="9" el="310" ec="9" bec="0" bev="0" fileid="5" />
                <SequencePoint vc="0" uspid="6798" ordinal="0" offset="42" sl="312" sc="13" el="312" ec="13" bec="0" bev="0" fileid="5" />
                <SequencePoint vc="0" uspid="6799" ordinal="0" offset="65" sl="313" sc="13" el="313" ec="13" bec="0" bev="0" fileid="5" />
                <SequencePoint vc="0" uspid="6800" ordinal="0" offset="69" sl="315" sc="13" el="315" ec="13" bec="0" bev="0" fileid="5" />
                <SequencePoint vc="0" uspid="6801" ordinal="0" offset="70" sl="315" sc="33" el="315" ec="33" bec="0" bev="0" fileid="5" />
                <SequencePoint vc="0" uspid="6802" ordinal="0" offset="89" sl="315" sc="22" el="315" ec="22" bec="0" bev="0" fileid="5" />
                <SequencePoint vc="0" uspid="6803" ordinal="0" offset="97" sl="316" sc="13" el="316" ec="13" bec="0" bev="0" fileid="5" />
                <SequencePoint vc="0" uspid="6804" ordinal="0" offset="98" sl="317" sc="17" el="317" ec="17" bec="0" bev="0" fileid="5" />
                <SequencePoint vc="0" uspid="6805" ordinal="0" offset="111" sl="320" sc="13" el="320" ec="13" bec="0" bev="0" fileid="5" />
                <SequencePoint vc="0" uspid="6806" ordinal="0" offset="112" sl="315" sc="30" el="315" ec="30" bec="0" bev="0" fileid="5" />
                <SequencePoint vc="0" uspid="6807" ordinal="0" offset="138" sl="321" sc="13" el="321" ec="13" bec="0" bev="0" fileid="5" />
                <SequencePoint vc="0" uspid="6808" ordinal="0" offset="155" sl="324" sc="13" el="324" ec="13" bec="0" bev="0" fileid="5" />
                <SequencePoint vc="0" uspid="6809" ordinal="0" offset="167" sl="325" sc="13" el="325" ec="13" bec="0" bev="0" fileid="5" />
                <SequencePoint vc="0" uspid="6810" ordinal="0" offset="168" sl="325" sc="33" el="325" ec="33" bec="0" bev="0" fileid="5" />
                <SequencePoint vc="0" uspid="6811" ordinal="0" offset="202" sl="325" sc="22" el="325" ec="22" bec="0" bev="0" fileid="5" />
                <SequencePoint vc="0" uspid="6812" ordinal="0" offset="211" sl="326" sc="13" el="326" ec="13" bec="0" bev="0" fileid="5" />
                <SequencePoint vc="0" uspid="6813" ordinal="0" offset="212" sl="327" sc="17" el="327" ec="17" bec="0" bev="0" fileid="5" />
                <SequencePoint vc="0" uspid="6814" ordinal="0" offset="231" sl="328" sc="17" el="328" ec="17" bec="0" bev="0" fileid="5" />
                <SequencePoint vc="0" uspid="6815" ordinal="0" offset="245" sl="329" sc="17" el="329" ec="17" bec="0" bev="0" fileid="5" />
                <SequencePoint vc="0" uspid="6816" ordinal="0" offset="259" sl="330" sc="17" el="330" ec="17" bec="0" bev="0" fileid="5" />
                <SequencePoint vc="0" uspid="6817" ordinal="0" offset="273" sl="331" sc="17" el="331" ec="17" bec="0" bev="0" fileid="5" />
                <SequencePoint vc="0" uspid="6818" ordinal="0" offset="287" sl="332" sc="17" el="332" ec="17" bec="0" bev="0" fileid="5" />
                <SequencePoint vc="0" uspid="6819" ordinal="0" offset="301" sl="333" sc="17" el="333" ec="17" bec="0" bev="0" fileid="5" />
                <SequencePoint vc="0" uspid="6820" ordinal="0" offset="318" sl="334" sc="17" el="334" ec="17" bec="0" bev="0" fileid="5" />
                <SequencePoint vc="0" uspid="6821" ordinal="0" offset="343" sl="335" sc="17" el="335" ec="17" bec="0" bev="0" fileid="5" />
                <SequencePoint vc="0" uspid="6822" ordinal="0" offset="368" sl="336" sc="17" el="336" ec="17" bec="0" bev="0" fileid="5" />
                <SequencePoint vc="0" uspid="6823" ordinal="0" offset="398" sl="337" sc="17" el="337" ec="17" bec="0" bev="0" fileid="5" />
                <SequencePoint vc="0" uspid="6824" ordinal="0" offset="417" sl="338" sc="13" el="338" ec="13" bec="0" bev="0" fileid="5" />
                <SequencePoint vc="0" uspid="6825" ordinal="0" offset="418" sl="325" sc="30" el="325" ec="30" bec="0" bev="0" fileid="5" />
                <SequencePoint vc="0" uspid="6826" ordinal="0" offset="447" sl="339" sc="9" el="339" ec="9" bec="0" bev="0" fileid="5" />
                <SequencePoint vc="0" uspid="6827" ordinal="0" offset="448" sl="340" sc="5" el="340" ec="5" bec="0" bev="0" fileid="5" />
              </SequencePoints>
              <BranchPoints />
            </Method>
            <Method visited="false" cyclomaticComplexity="0" nPathComplexity="0" sequenceCoverage="0.0" branchCoverage="0" crapScore="0" isConstructor="false" isStatic="false" isGetter="false" isSetter="false">
              <Summary numSequencePoints="17" visitedSequencePoints="0" numBranchPoints="0" visitedBranchPoints="0" sequenceCoverage="0.0" branchCoverage="0" maxCyclomaticComplexity="0" minCyclomaticComplexity="0" maxCrapScore="0" minCrapScore="0" visitedClasses="0" numClasses="0" visitedMethods="0" numMethods="1" />
              <MetadataToken>100663332</MetadataToken>
              <Name>System.Void GameManager::OnInvaderKilled(Invader)</Name>
              <FileRef uid="5" />
              <SequencePoints>
                <SequencePoint vc="0" uspid="6828" ordinal="0" offset="0" sl="346" sc="0" el="346" ec="0" bec="0" bev="0" fileid="5" />
                <SequencePoint vc="0" uspid="6829" ordinal="0" offset="1" sl="348" sc="0" el="348" ec="0" bec="0" bev="0" fileid="5" />
                <SequencePoint vc="0" uspid="6830" ordinal="0" offset="21" sl="349" sc="0" el="349" ec="0" bec="0" bev="0" fileid="5" />
                <SequencePoint vc="0" uspid="6831" ordinal="0" offset="40" sl="350" sc="0" el="350" ec="0" bec="0" bev="0" fileid="5" />
                <SequencePoint vc="0" uspid="6832" ordinal="0" offset="41" sl="352" sc="0" el="352" ec="0" bec="0" bev="0" fileid="5" />
                <SequencePoint vc="0" uspid="6833" ordinal="0" offset="54" sl="353" sc="0" el="353" ec="0" bec="0" bev="0" fileid="5" />
                <SequencePoint vc="0" uspid="6834" ordinal="0" offset="80" sl="354" sc="0" el="354" ec="0" bec="0" bev="0" fileid="5" />
                <SequencePoint vc="0" uspid="6835" ordinal="0" offset="81" sl="355" sc="0" el="355" ec="0" bec="0" bev="0" fileid="5" />
                <SequencePoint vc="0" uspid="6836" ordinal="0" offset="109" sl="356" sc="0" el="356" ec="0" bec="0" bev="0" fileid="5" />
                <SequencePoint vc="0" uspid="6837" ordinal="0" offset="110" sl="359" sc="0" el="359" ec="0" bec="0" bev="0" fileid="5" />
                <SequencePoint vc="0" uspid="6838" ordinal="0" offset="122" sl="362" sc="0" el="362" ec="0" bec="0" bev="0" fileid="5" />
                <SequencePoint vc="0" uspid="6839" ordinal="0" offset="142" sl="365" sc="0" el="365" ec="0" bec="0" bev="0" fileid="5" />
                <SequencePoint vc="0" uspid="6840" ordinal="0" offset="167" sl="366" sc="0" el="366" ec="0" bec="0" bev="0" fileid="5" />
                <SequencePoint vc="0" uspid="6841" ordinal="0" offset="168" sl="368" sc="0" el="368" ec="0" bec="0" bev="0" fileid="5" />
                <SequencePoint vc="0" uspid="6842" ordinal="0" offset="175" sl="369" sc="0" el="369" ec="0" bec="0" bev="0" fileid="5" />
                <SequencePoint vc="0" uspid="6843" ordinal="0" offset="176" sl="370" sc="0" el="370" ec="0" bec="0" bev="0" fileid="5" />
                <SequencePoint vc="0" uspid="6844" ordinal="0" offset="177" sl="371" sc="0" el="371" ec="0" bec="0" bev="0" fileid="5" />
              </SequencePoints>
              <BranchPoints />
            </Method>
            <Method visited="false" cyclomaticComplexity="0" nPathComplexity="0" sequenceCoverage="0.0" branchCoverage="0" crapScore="0" isConstructor="false" isStatic="false" isGetter="false" isSetter="false">
              <Summary numSequencePoints="21" visitedSequencePoints="0" numBranchPoints="0" visitedBranchPoints="0" sequenceCoverage="0.0" branchCoverage="0" maxCyclomaticComplexity="0" minCyclomaticComplexity="0" maxCrapScore="0" minCrapScore="0" visitedClasses="0" numClasses="0" visitedMethods="0" numMethods="1" />
              <MetadataToken>100663333</MetadataToken>
              <Name>System.Void GameManager::EndOfMission()</Name>
              <FileRef uid="5" />
              <SequencePoints>
                <SequencePoint vc="0" uspid="6845" ordinal="0" offset="0" sl="375" sc="0" el="375" ec="0" bec="0" bev="0" fileid="5" />
                <SequencePoint vc="0" uspid="6846" ordinal="0" offset="1" sl="376" sc="0" el="376" ec="0" bec="0" bev="0" fileid="5" />
                <SequencePoint vc="0" uspid="6847" ordinal="0" offset="8" sl="378" sc="0" el="378" ec="0" bec="0" bev="0" fileid="5" />
                <SequencePoint vc="0" uspid="6848" ordinal="0" offset="41" sl="380" sc="0" el="380" ec="0" bec="0" bev="0" fileid="5" />
                <SequencePoint vc="0" uspid="6849" ordinal="0" offset="66" sl="381" sc="0" el="381" ec="0" bec="0" bev="0" fileid="5" />
                <SequencePoint vc="0" uspid="6850" ordinal="0" offset="67" sl="383" sc="0" el="383" ec="0" bec="0" bev="0" fileid="5" />
                <SequencePoint vc="0" uspid="6851" ordinal="0" offset="84" sl="384" sc="0" el="384" ec="0" bec="0" bev="0" fileid="5" />
                <SequencePoint vc="0" uspid="6852" ordinal="0" offset="110" sl="385" sc="0" el="385" ec="0" bec="0" bev="0" fileid="5" />
                <SequencePoint vc="0" uspid="6853" ordinal="0" offset="112" sl="386" sc="0" el="386" ec="0" bec="0" bev="0" fileid="5" />
                <SequencePoint vc="0" uspid="6854" ordinal="0" offset="116" sl="387" sc="0" el="387" ec="0" bec="0" bev="0" fileid="5" />
                <SequencePoint vc="0" uspid="6855" ordinal="0" offset="117" sl="388" sc="0" el="388" ec="0" bec="0" bev="0" fileid="5" />
                <SequencePoint vc="0" uspid="6856" ordinal="0" offset="142" sl="389" sc="0" el="389" ec="0" bec="0" bev="0" fileid="5" />
                <SequencePoint vc="0" uspid="6857" ordinal="0" offset="143" sl="386" sc="0" el="386" ec="0" bec="0" bev="0" fileid="5" />
                <SequencePoint vc="0" uspid="6858" ordinal="0" offset="147" sl="386" sc="0" el="386" ec="0" bec="0" bev="0" fileid="5" />
                <SequencePoint vc="0" uspid="6859" ordinal="0" offset="159" sl="390" sc="0" el="390" ec="0" bec="0" bev="0" fileid="5" />
                <SequencePoint vc="0" uspid="6860" ordinal="0" offset="197" sl="391" sc="0" el="391" ec="0" bec="0" bev="0" fileid="5" />
                <SequencePoint vc="0" uspid="6861" ordinal="0" offset="200" sl="393" sc="0" el="393" ec="0" bec="0" bev="0" fileid="5" />
                <SequencePoint vc="0" uspid="6862" ordinal="0" offset="201" sl="394" sc="0" el="394" ec="0" bec="0" bev="0" fileid="5" />
                <SequencePoint vc="0" uspid="6863" ordinal="0" offset="248" sl="395" sc="0" el="395" ec="0" bec="0" bev="0" fileid="5" />
                <SequencePoint vc="0" uspid="6864" ordinal="0" offset="294" sl="396" sc="0" el="396" ec="0" bec="0" bev="0" fileid="5" />
                <SequencePoint vc="0" uspid="6865" ordinal="0" offset="295" sl="397" sc="0" el="397" ec="0" bec="0" bev="0" fileid="5" />
              </SequencePoints>
              <BranchPoints />
            </Method>
            <Method visited="false" cyclomaticComplexity="0" nPathComplexity="0" sequenceCoverage="0.0" branchCoverage="0" crapScore="0" isConstructor="false" isStatic="false" isGetter="false" isSetter="false">
              <Summary numSequencePoints="3" visitedSequencePoints="0" numBranchPoints="0" visitedBranchPoints="0" sequenceCoverage="0.0" branchCoverage="0" maxCyclomaticComplexity="0" minCyclomaticComplexity="0" maxCrapScore="0" minCrapScore="0" visitedClasses="0" numClasses="0" visitedMethods="0" numMethods="1" />
              <MetadataToken>100663334</MetadataToken>
              <Name>System.Void GameManager::ExitMission()</Name>
              <FileRef uid="5" />
              <SequencePoints>
                <SequencePoint vc="0" uspid="6866" ordinal="0" offset="0" sl="401" sc="0" el="401" ec="0" bec="0" bev="0" fileid="5" />
                <SequencePoint vc="0" uspid="6867" ordinal="0" offset="1" sl="402" sc="0" el="402" ec="0" bec="0" bev="0" fileid="5" />
                <SequencePoint vc="0" uspid="6868" ordinal="0" offset="8" sl="403" sc="0" el="403" ec="0" bec="0" bev="0" fileid="5" />
              </SequencePoints>
              <BranchPoints />
            </Method>
            <Method visited="false" cyclomaticComplexity="0" nPathComplexity="0" sequenceCoverage="0.0" branchCoverage="0" crapScore="0" isConstructor="false" isStatic="false" isGetter="false" isSetter="false">
              <Summary numSequencePoints="8" visitedSequencePoints="0" numBranchPoints="0" visitedBranchPoints="0" sequenceCoverage="0.0" branchCoverage="0" maxCyclomaticComplexity="0" minCyclomaticComplexity="0" maxCrapScore="0" minCrapScore="0" visitedClasses="0" numClasses="0" visitedMethods="0" numMethods="1" />
              <MetadataToken>100663335</MetadataToken>
              <Name>System.Void GameManager::NextMission()</Name>
              <FileRef uid="5" />
              <SequencePoints>
                <SequencePoint vc="0" uspid="6869" ordinal="0" offset="0" sl="407" sc="0" el="407" ec="0" bec="0" bev="0" fileid="5" />
                <SequencePoint vc="0" uspid="6870" ordinal="0" offset="1" sl="408" sc="0" el="408" ec="0" bec="0" bev="0" fileid="5" />
                <SequencePoint vc="0" uspid="6871" ordinal="0" offset="15" sl="409" sc="0" el="409" ec="0" bec="0" bev="0" fileid="5" />
                <SequencePoint vc="0" uspid="6872" ordinal="0" offset="29" sl="410" sc="0" el="410" ec="0" bec="0" bev="0" fileid="5" />
                <SequencePoint vc="0" uspid="6873" ordinal="0" offset="30" sl="412" sc="0" el="412" ec="0" bec="0" bev="0" fileid="5" />
                <SequencePoint vc="0" uspid="6874" ordinal="0" offset="34" sl="413" sc="0" el="413" ec="0" bec="0" bev="0" fileid="5" />
                <SequencePoint vc="0" uspid="6875" ordinal="0" offset="41" sl="414" sc="0" el="414" ec="0" bec="0" bev="0" fileid="5" />
                <SequencePoint vc="0" uspid="6876" ordinal="0" offset="42" sl="415" sc="0" el="415" ec="0" bec="0" bev="0" fileid="5" />
              </SequencePoints>
              <BranchPoints />
            </Method>
            <Method visited="false" cyclomaticComplexity="0" nPathComplexity="0" sequenceCoverage="0.0" branchCoverage="0" crapScore="0" isConstructor="true" isStatic="false" isGetter="false" isSetter="false">
              <Summary numSequencePoints="5" visitedSequencePoints="0" numBranchPoints="0" visitedBranchPoints="0" sequenceCoverage="0.0" branchCoverage="0" maxCyclomaticComplexity="0" minCyclomaticComplexity="0" maxCrapScore="0" minCrapScore="0" visitedClasses="0" numClasses="0" visitedMethods="0" numMethods="1" />
              <MetadataToken>100663336</MetadataToken>
              <Name>GameManager::GameManager()</Name>
              <FileRef uid="5" />
              <SequencePoints>
                <SequencePoint vc="0" uspid="6877" ordinal="0" offset="0" sl="46" sc="5" el="46" ec="5" bec="0" bev="0" fileid="5" />
                <SequencePoint vc="0" uspid="6878" ordinal="0" offset="11" sl="67" sc="5" el="67" ec="5" bec="0" bev="0" fileid="5" />
                <SequencePoint vc="0" uspid="6879" ordinal="0" offset="18" sl="70" sc="5" el="70" ec="5" bec="0" bev="0" fileid="5" />
                <SequencePoint vc="0" uspid="6880" ordinal="0" offset="25" sl="73" sc="46" el="73" ec="46" bec="0" bev="0" fileid="5" />
                <SequencePoint vc="0" uspid="6881" ordinal="0" offset="32" sl="76" sc="5" el="76" ec="5" bec="0" bev="0" fileid="5" />
              </SequencePoints>
              <BranchPoints />
            </Method>
          </Methods>
        </Class>
        <Class>
          <Summary numSequencePoints="35" visitedSequencePoints="0" numBranchPoints="0" visitedBranchPoints="0" sequenceCoverage="0.0" branchCoverage="0.0" maxCyclomaticComplexity="0" minCyclomaticComplexity="0" maxCrapScore="0" minCrapScore="0" visitedClasses="0" numClasses="1" visitedMethods="0" numMethods="5" />
          <FullName>Gun</FullName>
          <Methods>
            <Method visited="false" cyclomaticComplexity="0" nPathComplexity="0" sequenceCoverage="0.0" branchCoverage="0" crapScore="0" isConstructor="false" isStatic="false" isGetter="false" isSetter="false">
              <Summary numSequencePoints="14" visitedSequencePoints="0" numBranchPoints="0" visitedBranchPoints="0" sequenceCoverage="0.0" branchCoverage="0" maxCyclomaticComplexity="0" minCyclomaticComplexity="0" maxCrapScore="0" minCrapScore="0" visitedClasses="0" numClasses="0" visitedMethods="0" numMethods="1" />
              <MetadataToken>100663337</MetadataToken>
              <Name>System.Void Gun::Shoot(UnityEngine.Transform)</Name>
              <FileRef uid="6" />
              <SequencePoints>
                <SequencePoint vc="0" uspid="6882" ordinal="0" offset="0" sl="38" sc="0" el="38" ec="0" bec="0" bev="0" fileid="6" />
                <SequencePoint vc="0" uspid="6883" ordinal="0" offset="1" sl="40" sc="0" el="40" ec="0" bec="0" bev="0" fileid="6" />
                <SequencePoint vc="0" uspid="6884" ordinal="0" offset="24" sl="41" sc="0" el="41" ec="0" bec="0" bev="0" fileid="6" />
                <SequencePoint vc="0" uspid="6885" ordinal="0" offset="25" sl="43" sc="0" el="43" ec="0" bec="0" bev="0" fileid="6" />
                <SequencePoint vc="0" uspid="6886" ordinal="0" offset="44" sl="44" sc="0" el="44" ec="0" bec="0" bev="0" fileid="6" />
                <SequencePoint vc="0" uspid="6887" ordinal="0" offset="83" sl="47" sc="0" el="47" ec="0" bec="0" bev="0" fileid="6" />
[...]
              <BranchPoints />
            </Method>
          </Methods>
        </Class>
        <Class>
          <Summary numSequencePoints="16" visitedSequencePoints="0" numBranchPoints="0" visitedBranchPoints="0" sequenceCoverage="0.0" branchCoverage="0.0" maxCyclomaticComplexity="0" minCyclomaticComplexity="0" maxCrapScore="0" minCrapScore="0" visitedClasses="0" numClasses="1" visitedMethods="0" numMethods="3" />
          <FullName>Upgrade</FullName>
          <Methods>
            <Method visited="false" cyclomaticComplexity="0" nPathComplexity="0" sequenceCoverage="0.0" branchCoverage="0" crapScore="0" isConstructor="false" isStatic="false" isGetter="false" isSetter="false">
              <Summary numSequencePoints="4" visitedSequencePoints="0" numBranchPoints="0" visitedBranchPoints="0" sequenceCoverage="0.0" branchCoverage="0" maxCyclomaticComplexity="0" minCyclomaticComplexity="0" maxCrapScore="0" minCrapScore="0" visitedClasses="0" numClasses="0" visitedMethods="0" numMethods="1" />
              <MetadataToken>100663399</MetadataToken>
              <Name>System.Void Upgrade::Start()</Name>
              <FileRef uid="17" />
              <SequencePoints>
                <SequencePoint vc="0" uspid="7298" ordinal="0" offset="0" sl="11" sc="0" el="11" ec="0" bec="0" bev="0" fileid="17" />
                <SequencePoint vc="0" uspid="7299" ordinal="0" offset="1" sl="12" sc="0" el="12" ec="0" bec="0" bev="0" fileid="17" />
                <SequencePoint vc="0" uspid="7300" ordinal="0" offset="8" sl="13" sc="0" el="13" ec="0" bec="0" bev="0" fileid="17" />
                <SequencePoint vc="0" uspid="7301" ordinal="0" offset="36" sl="14" sc="0" el="14" ec="0" bec="0" bev="0" fileid="17" />
              </SequencePoints>
              <BranchPoints />
            </Method>
            <Method visited="false" cyclomaticComplexity="0" nPathComplexity="0" sequenceCoverage="0.0" branchCoverage="0" crapScore="0" isConstructor="false" isStatic="false" isGetter="false" isSetter="false">
              <Summary numSequencePoints="11" visitedSequencePoints="0" numBranchPoints="0" visitedBranchPoints="0" sequenceCoverage="0.0" branchCoverage="0" maxCyclomaticComplexity="0" minCyclomaticComplexity="0" maxCrapScore="0" minCrapScore="0" visitedClasses="0" numClasses="0" visitedMethods="0" numMethods="1" />
              <MetadataToken>100663400</MetadataToken>
              <Name>System.Void Upgrade::OnTriggerEnter2D(UnityEngine.Collider2D)</Name>
              <FileRef uid="17" />
              <SequencePoints>
                <SequencePoint vc="0" uspid="7302" ordinal="0" offset="0" sl="19" sc="0" el="19" ec="0" bec="0" bev="0" fileid="17" />
                <SequencePoint vc="0" uspid="7303" ordinal="0" offset="1" sl="20" sc="0" el="20" ec="0" bec="0" bev="0" fileid="17" />
                <SequencePoint vc="0" uspid="7304" ordinal="0" offset="28" sl="21" sc="0" el="21" ec="0" bec="0" bev="0" fileid="17" />
                <SequencePoint vc="0" uspid="7305" ordinal="0" offset="29" sl="22" sc="0" el="22" ec="0" bec="0" bev="0" fileid="17" />
                <SequencePoint vc="0" uspid="7306" ordinal="0" offset="40" sl="23" sc="0" el="23" ec="0" bec="0" bev="0" fileid="17" />
                <SequencePoint vc="0" uspid="7307" ordinal="0" offset="52" sl="24" sc="0" el="24" ec="0" bec="0" bev="0" fileid="17" />
                <SequencePoint vc="0" uspid="7308" ordinal="0" offset="53" sl="26" sc="0" el="26" ec="0" bec="0" bev="0" fileid="17" />
                <SequencePoint vc="0" uspid="7309" ordinal="0" offset="104" sl="28" sc="0" el="28" ec="0" bec="0" bev="0" fileid="17" />
                <SequencePoint vc="0" uspid="7310" ordinal="0" offset="105" sl="29" sc="0" el="29" ec="0" bec="0" bev="0" fileid="17" />
                <SequencePoint vc="0" uspid="7311" ordinal="0" offset="117" sl="30" sc="0" el="30" ec="0" bec="0" bev="0" fileid="17" />
                <SequencePoint vc="0" uspid="7312" ordinal="0" offset="118" sl="31" sc="0" el="31" ec="0" bec="0" bev="0" fileid="17" />
              </SequencePoints>
              <BranchPoints />
            </Method>
            <Method visited="false" cyclomaticComplexity="0" nPathComplexity="0" sequenceCoverage="0.0" branchCoverage="0" crapScore="0" isConstructor="true" isStatic="false" isGetter="false" isSetter="false">
              <Summary numSequencePoints="1" visitedSequencePoints="0" numBranchPoints="0" visitedBranchPoints="0" sequenceCoverage="0.0" branchCoverage="0" maxCyclomaticComplexity="0" minCyclomaticComplexity="0" maxCrapScore="0" minCrapScore="0" visitedClasses="0" numClasses="0" visitedMethods="0" numMethods="1" />
              <MetadataToken>100663401</MetadataToken>
              <Name>Upgrade::Upgrade()</Name>
              <FileRef uid="17" />
              <SequencePoints>
                <SequencePoint vc="0" uspid="7313" ordinal="0" offset="0" sl="8" sc="22" el="8" ec="22" bec="0" bev="0" fileid="17" />
              </SequencePoints>
              <BranchPoints />
            </Method>
          </Methods>
        </Class>
        <Class>
          <Summary numSequencePoints="17" visitedSequencePoints="0" numBranchPoints="0" visitedBranchPoints="0" sequenceCoverage="0.0" branchCoverage="0.0" maxCyclomaticComplexity="0" minCyclomaticComplexity="0" maxCrapScore="0" minCrapScore="0" visitedClasses="0" numClasses="1" visitedMethods="0" numMethods="1" />
          <FullName>GameManager/&lt;BlinkHighScoreText&gt;d__42</FullName>
          <Methods>
            <Method visited="false" cyclomaticComplexity="0" nPathComplexity="0" sequenceCoverage="0.0" branchCoverage="0" crapScore="0" isConstructor="false" isStatic="false" isGetter="false" isSetter="false">
              <Summary numSequencePoints="17" visitedSequencePoints="0" numBranchPoints="0" visitedBranchPoints="0" sequenceCoverage="0.0" branchCoverage="0" maxCyclomaticComplexity="0" minCyclomaticComplexity="0" maxCrapScore="0" minCrapScore="0" visitedClasses="0" numClasses="0" visitedMethods="0" numMethods="1" />
              <MetadataToken>100663406</MetadataToken>
              <Name>System.Boolean GameManager/&lt;BlinkHighScoreText&gt;d__42::MoveNext()</Name>
              <FileRef uid="5" />
              <SequencePoints>
                <SequencePoint vc="0" uspid="7314" ordinal="0" offset="45" sl="250" sc="0" el="250" ec="0" bec="0" bev="0" fileid="5" />
                <SequencePoint vc="0" uspid="7315" ordinal="0" offset="46" sl="251" sc="0" el="251" ec="0" bec="0" bev="0" fileid="5" />
                <SequencePoint vc="0" uspid="7316" ordinal="0" offset="63" sl="254" sc="0" el="254" ec="0" bec="0" bev="0" fileid="5" />
                <SequencePoint vc="0" uspid="7317" ordinal="0" offset="64" sl="255" sc="0" el="255" ec="0" bec="0" bev="0" fileid="5" />
                <SequencePoint vc="0" uspid="7318" ordinal="0" offset="81" sl="256" sc="0" el="256" ec="0" bec="0" bev="0" fileid="5" />
                <SequencePoint vc="0" uspid="7319" ordinal="0" offset="104" sl="257" sc="0" el="257" ec="0" bec="0" bev="0" fileid="5" />
                <SequencePoint vc="0" uspid="7320" ordinal="0" offset="126" sl="259" sc="0" el="259" ec="0" bec="0" bev="0" fileid="5" />
                <SequencePoint vc="0" uspid="7321" ordinal="0" offset="158" sl="261" sc="0" el="261" ec="0" bec="0" bev="0" fileid="5" />
                <SequencePoint vc="0" uspid="7322" ordinal="0" offset="175" sl="262" sc="0" el="262" ec="0" bec="0" bev="0" fileid="5" />
                <SequencePoint vc="0" uspid="7323" ordinal="0" offset="198" sl="263" sc="0" el="263" ec="0" bec="0" bev="0" fileid="5" />
                <SequencePoint vc="0" uspid="7324" ordinal="0" offset="220" sl="265" sc="0" el="265" ec="0" bec="0" bev="0" fileid="5" />
                <SequencePoint vc="0" uspid="7325" ordinal="0" offset="252" sl="267" sc="0" el="267" ec="0" bec="0" bev="0" fileid="5" />
                <SequencePoint vc="0" uspid="7326" ordinal="0" offset="276" sl="268" sc="0" el="268" ec="0" bec="0" bev="0" fileid="5" />
                <SequencePoint vc="0" uspid="7327" ordinal="0" offset="301" sl="253" sc="0" el="253" ec="0" bec="0" bev="0" fileid="5" />
                <SequencePoint vc="0" uspid="7328" ordinal="0" offset="322" sl="270" sc="0" el="270" ec="0" bec="0" bev="0" fileid="5" />
                <SequencePoint vc="0" uspid="7329" ordinal="0" offset="334" sl="271" sc="0" el="271" ec="0" bec="0" bev="0" fileid="5" />
                <SequencePoint vc="0" uspid="7330" ordinal="0" offset="346" sl="272" sc="0" el="272" ec="0" bec="0" bev="0" fileid="5" />
              </SequencePoints>
              <BranchPoints />
            </Method>
          </Methods>
        </Class>
        <Class>
          <Summary numSequencePoints="5" visitedSequencePoints="0" numBranchPoints="0" visitedBranchPoints="0" sequenceCoverage="0.0" branchCoverage="0.0" maxCyclomaticComplexity="0" minCyclomaticComplexity="0" maxCrapScore="0" minCrapScore="0" visitedClasses="0" numClasses="1" visitedMethods="0" numMethods="1" />
          <FullName>GameManager/&lt;MissionTimeCountdown&gt;d__35</FullName>
          <Methods>
            <Method visited="false" cyclomaticComplexity="0" nPathComplexity="0" sequenceCoverage="0.0" branchCoverage="0" crapScore="0" isConstructor="false" isStatic="false" isGetter="false" isSetter="false">
              <Summary numSequencePoints="5" visitedSequencePoints="0" numBranchPoints="0" visitedBranchPoints="0" sequenceCoverage="0.0" branchCoverage="0" maxCyclomaticComplexity="0" minCyclomaticComplexity="0" maxCrapScore="0" minCrapScore="0" visitedClasses="0" numClasses="0" visitedMethods="0" numMethods="1" />
              <MetadataToken>100663412</MetadataToken>
              <Name>System.Boolean GameManager/&lt;MissionTimeCountdown&gt;d__35::MoveNext()</Name>
              <FileRef uid="5" />
              <SequencePoints>
                <SequencePoint vc="0" uspid="7331" ordinal="0" offset="31" sl="158" sc="0" el="158" ec="0" bec="0" bev="0" fileid="5" />
                <SequencePoint vc="0" uspid="7332" ordinal="0" offset="32" sl="159" sc="0" el="159" ec="0" bec="0" bev="0" fileid="5" />
                <SequencePoint vc="0" uspid="7333" ordinal="0" offset="70" sl="161" sc="0" el="161" ec="0" bec="0" bev="0" fileid="5" />
                <SequencePoint vc="0" uspid="7334" ordinal="0" offset="88" sl="161" sc="0" el="161" ec="0" bec="0" bev="0" fileid="5" />
                <SequencePoint vc="0" uspid="7335" ordinal="0" offset="100" sl="162" sc="0" el="162" ec="0" bec="0" bev="0" fileid="5" />
              </SequencePoints>
              <BranchPoints />
            </Method>
          </Methods>
        </Class>
        <Class>
          <Summary numSequencePoints="14" visitedSequencePoints="0" numBranchPoints="0" visitedBranchPoints="0" sequenceCoverage="0.0" branchCoverage="0.0" maxCyclomaticComplexity="0" minCyclomaticComplexity="0" maxCrapScore="0" minCrapScore="0" visitedClasses="0" numClasses="1" visitedMethods="0" numMethods="1" />
          <FullName>MainBoss/&lt;AlternateMovement&gt;d__15</FullName>
          <Methods>
            <Method visited="false" cyclomaticComplexity="0" nPathComplexity="0" sequenceCoverage="0.0" branchCoverage="0" crapScore="0" isConstructor="false" isStatic="false" isGetter="false" isSetter="false">
              <Summary numSequencePoints="14" visitedSequencePoints="0" numBranchPoints="0" visitedBranchPoints="0" sequenceCoverage="0.0" branchCoverage="0" maxCyclomaticComplexity="0" minCyclomaticComplexity="0" maxCrapScore="0" minCrapScore="0" visitedClasses="0" numClasses="0" visitedMethods="0" numMethods="1" />
              <MetadataToken>100663418</MetadataToken>
              <Name>System.Boolean MainBoss/&lt;AlternateMovement&gt;d__15::MoveNext()</Name>
              <FileRef uid="9" />
              <SequencePoints>
                <SequencePoint vc="0" uspid="7336" ordinal="0" offset="48" sl="82" sc="0" el="82" ec="0" bec="0" bev="0" fileid="9" />
                <SequencePoint vc="0" uspid="7337" ordinal="0" offset="49" sl="83" sc="0" el="83" ec="0" bec="0" bev="0" fileid="9" />
                <SequencePoint vc="0" uspid="7338" ordinal="0" offset="66" sl="84" sc="0" el="84" ec="0" bec="0" bev="0" fileid="9" />
                <SequencePoint vc="0" uspid="7339" ordinal="0" offset="88" sl="87" sc="0" el="87" ec="0" bec="0" bev="0" fileid="9" />
                <SequencePoint vc="0" uspid="7340" ordinal="0" offset="89" sl="89" sc="0" el="89" ec="0" bec="0" bev="0" fileid="9" />
                <SequencePoint vc="0" uspid="7341" ordinal="0" offset="134" sl="93" sc="0" el="93" ec="0" bec="0" bev="0" fileid="9" />
                <SequencePoint vc="0" uspid="7342" ordinal="0" offset="135" sl="94" sc="0" el="94" ec="0" bec="0" bev="0" fileid="9" />
                <SequencePoint vc="0" uspid="7343" ordinal="0" offset="206" sl="95" sc="0" el="95" ec="0" bec="0" bev="0" fileid="9" />
                <SequencePoint vc="0" uspid="7344" ordinal="0" offset="229" sl="96" sc="0" el="96" ec="0" bec="0" bev="0" fileid="9" />
                <SequencePoint vc="0" uspid="7345" ordinal="0" offset="230" sl="92" sc="0" el="92" ec="0" bec="0" bev="0" fileid="9" />
                <SequencePoint vc="0" uspid="7346" ordinal="0" offset="276" sl="99" sc="0" el="99" ec="0" bec="0" bev="0" fileid="9" />
                <SequencePoint vc="0" uspid="7347" ordinal="0" offset="301" sl="102" sc="0" el="102" ec="0" bec="0" bev="0" fileid="9" />
                <SequencePoint vc="0" uspid="7348" ordinal="0" offset="339" sl="103" sc="0" el="103" ec="0" bec="0" bev="0" fileid="9" />
                <SequencePoint vc="0" uspid="7349" ordinal="0" offset="352" sl="86" sc="0" el="86" ec="0" bec="0" bev="0" fileid="9" />
              </SequencePoints>
              <BranchPoints />
            </Method>
          </Methods>
        </Class>
        <Class>
          <Summary numSequencePoints="10" visitedSequencePoints="0" numBranchPoints="0" visitedBranchPoints="0" sequenceCoverage="0.0" branchCoverage="0.0" maxCyclomaticComplexity="0" minCyclomaticComplexity="0" maxCrapScore="0" minCrapScore="0" visitedClasses="0" numClasses="1" visitedMethods="0" numMethods="1" />
          <FullName>MainBoss/&lt;CheckHealthForSecondPhase&gt;d__16</FullName>
          <Methods>
            <Method visited="false" cyclomaticComplexity="0" nPathComplexity="0" sequenceCoverage="0.0" branchCoverage="0" crapScore="0" isConstructor="false" isStatic="false" isGetter="false" isSetter="false">
              <Summary numSequencePoints="10" visitedSequencePoints="0" numBranchPoints="0" visitedBranchPoints="0" sequenceCoverage="0.0" branchCoverage="0" maxCyclomaticComplexity="0" minCyclomaticComplexity="0" maxCrapScore="0" minCrapScore="0" visitedClasses="0" numClasses="0" visitedMethods="0" numMethods="1" />
              <MetadataToken>100663424</MetadataToken>
              <Name>System.Boolean MainBoss/&lt;CheckHealthForSecondPhase&gt;d__16::MoveNext()</Name>
              <FileRef uid="9" />
              <SequencePoints>
                <SequencePoint vc="0" uspid="7350" ordinal="0" offset="31" sl="106" sc="0" el="106" ec="0" bec="0" bev="0" fileid="9" />
                <SequencePoint vc="0" uspid="7351" ordinal="0" offset="34" sl="108" sc="0" el="108" ec="0" bec="0" bev="0" fileid="9" />
                <SequencePoint vc="0" uspid="7352" ordinal="0" offset="35" sl="109" sc="0" el="109" ec="0" bec="0" bev="0" fileid="9" />
                <SequencePoint vc="0" uspid="7353" ordinal="0" offset="79" sl="110" sc="0" el="110" ec="0" bec="0" bev="0" fileid="9" />
                <SequencePoint vc="0" uspid="7354" ordinal="0" offset="80" sl="111" sc="0" el="111" ec="0" bec="0" bev="0" fileid="9" />
                <SequencePoint vc="0" uspid="7355" ordinal="0" offset="92" sl="112" sc="0" el="112" ec="0" bec="0" bev="0" fileid="9" />
                <SequencePoint vc="0" uspid="7356" ordinal="0" offset="93" sl="113" sc="0" el="113" ec="0" bec="0" bev="0" fileid="9" />
                <SequencePoint vc="0" uspid="7357" ordinal="0" offset="116" sl="114" sc="0" el="114" ec="0" bec="0" bev="0" fileid="9" />
                <SequencePoint vc="0" uspid="7358" ordinal="0" offset="117" sl="107" sc="0" el="107" ec="0" bec="0" bev="0" fileid="9" />
                <SequencePoint vc="0" uspid="7359" ordinal="0" offset="151" sl="115" sc="0" el="115" ec="0" bec="0" bev="0" fileid="9" />
              </SequencePoints>
              <BranchPoints />
            </Method>
          </Methods>
        </Class>
        <Class>
          <Summary numSequencePoints="15" visitedSequencePoints="0" numBranchPoints="0" visitedBranchPoints="0" sequenceCoverage="0.0" branchCoverage="0.0" maxCyclomaticComplexity="0" minCyclomaticComplexity="0" maxCrapScore="0" minCrapScore="0" visitedClasses="0" numClasses="1" visitedMethods="0" numMethods="1" />
          <FullName>MainBoss/&lt;StartSpawnCountdown&gt;d__14</FullName>
          <Methods>
            <Method visited="false" cyclomaticComplexity="0" nPathComplexity="0" sequenceCoverage="0.0" branchCoverage="0" crapScore="0" isConstructor="false" isStatic="false" isGetter="false" isSetter="false">
              <Summary numSequencePoints="15" visitedSequencePoints="0" numBranchPoints="0" visitedBranchPoints="0" sequenceCoverage="0.0" branchCoverage="0" maxCyclomaticComplexity="0" minCyclomaticComplexity="0" maxCrapScore="0" minCrapScore="0" visitedClasses="0" numClasses="0" visitedMethods="0" numMethods="1" />
              <MetadataToken>100663430</MetadataToken>
              <Name>System.Boolean MainBoss/&lt;StartSpawnCountdown&gt;d__14::MoveNext()</Name>
              <FileRef uid="9" />
              <SequencePoints>
                <SequencePoint vc="0" uspid="7360" ordinal="0" offset="54" sl="52" sc="0" el="52" ec="0" bec="0" bev="0" fileid="9" />
                <SequencePoint vc="0" uspid="7361" ordinal="0" offset="55" sl="54" sc="0" el="54" ec="0" bec="0" bev="0" fileid="9" />
                <SequencePoint vc="0" uspid="7362" ordinal="0" offset="78" sl="55" sc="0" el="55" ec="0" bec="0" bev="0" fileid="9" />
                <SequencePoint vc="0" uspid="7363" ordinal="0" offset="111" sl="57" sc="0" el="57" ec="0" bec="0" bev="0" fileid="9" />
                <SequencePoint vc="0" uspid="7364" ordinal="0" offset="134" sl="61" sc="0" el="61" ec="0" bec="0" bev="0" fileid="9" />
                <SequencePoint vc="0" uspid="7365" ordinal="0" offset="181" sl="65" sc="0" el="65" ec="0" bec="0" bev="0" fileid="9" />
                <SequencePoint vc="0" uspid="7366" ordinal="0" offset="182" sl="66" sc="0" el="66" ec="0" bec="0" bev="0" fileid="9" />
                <SequencePoint vc="0" uspid="7367" ordinal="0" offset="258" sl="67" sc="0" el="67" ec="0" bec="0" bev="0" fileid="9" />
                <SequencePoint vc="0" uspid="7368" ordinal="0" offset="281" sl="68" sc="0" el="68" ec="0" bec="0" bev="0" fileid="9" />
                <SequencePoint vc="0" uspid="7369" ordinal="0" offset="282" sl="64" sc="0" el="64" ec="0" bec="0" bev="0" fileid="9" />
                <SequencePoint vc="0" uspid="7370" ordinal="0" offset="333" sl="70" sc="0" el="70" ec="0" bec="0" bev="0" fileid="9" />
                <SequencePoint vc="0" uspid="7371" ordinal="0" offset="356" sl="72" sc="0" el="72" ec="0" bec="0" bev="0" fileid="9" />
                <SequencePoint vc="0" uspid="7372" ordinal="0" offset="379" sl="75" sc="0" el="75" ec="0" bec="0" bev="0" fileid="9" />
                <SequencePoint vc="0" uspid="7373" ordinal="0" offset="402" sl="78" sc="0" el="78" ec="0" bec="0" bev="0" fileid="9" />
                <SequencePoint vc="0" uspid="7374" ordinal="0" offset="425" sl="79" sc="0" el="79" ec="0" bec="0" bev="0" fileid="9" />
              </SequencePoints>
              <BranchPoints />
            </Method>
          </Methods>
        </Class>
      </Classes>
    </Module>
  </Modules>
</CoverageSession>